创建引擎成功
插入数据库成功
插入数据库成功
创建引擎成功
创建引擎成功
插入数据库成功
插入数据库成功
插入数据库成功
插入数据库成功
创建引擎成功
创建引擎成功
创建引擎成功
插入数据库成功
插入数据库成功
插入数据库成功
插入数据库成功
插入数据库成功
插入数据库成功
创建引擎成功
创建引擎成功
创建引擎成功
创建引擎成功
插入数据库成功
插入数据库成功
插入数据库成功
插入数据库成功
插入数据库成功
插入数据库成功
插入数据库成功
插入数据库成功
创建引擎成功
创建引擎成功
创建引擎成功
创建引擎成功
创建引擎成功
插入数据库成功
插入数据库成功
插入数据库成功
插入数据库成功
插入数据库成功
插入数据库成功
插入数据库成功
插入数据库成功
插入数据库成功
插入数据库成功
创建引擎成功
创建引擎成功
创建引擎成功
创建引擎成功
创建引擎成功
创建引擎成功
插入数据库成功
插入数据库成功
插入数据库成功
插入数据库成功
插入数据库成功
插入数据库成功
插入数据库成功
插入数据库成功
插入数据库成功
插入数据库成功
插入数据库成功
插入数据库成功
创建引擎成功
创建引擎成功
创建引擎成功
创建引擎成功
创建引擎成功
创建引擎成功
创建引擎成功
插入数据库成功
插入数据库成功
插入数据库成功
插入数据库成功
插入数据库成功
插入数据库成功
插入数据库成功
插入数据库成功
插入数据库成功
插入数据库成功
插入数据库成功
插入数据库成功
插入数据库成功
插入数据库成功
创建引擎成功
创建引擎成功
创建引擎成功
创建引擎成功
创建引擎成功
创建引擎成功
创建引擎成功
创建引擎成功
插入数据库成功
插入数据库成功
插入数据库成功
插入数据库成功
插入数据库成功
插入数据库成功
插入数据库成功
插入数据库成功
插入数据库成功
插入数据库成功
插入数据库成功
插入数据库成功
插入数据库成功
插入数据库成功
插入数据库成功
插入数据库成功
创建引擎成功
创建引擎成功
创建引擎成功
创建引擎成功
创建引擎成功
创建引擎成功
创建引擎成功
创建引擎成功
创建引擎成功
插入数据库成功
插入数据库成功
插入数据库成功
插入数据库成功
插入数据库成功
插入数据库成功
插入数据库成功
插入数据库成功
插入数据库成功
插入数据库成功
插入数据库成功
插入数据库成功
插入数据库成功
插入数据库成功
插入数据库成功
插入数据库成功
插入数据库成功
插入数据库成功
创建引擎成功
创建引擎成功
创建引擎成功
创建引擎成功
创建引擎成功
创建引擎成功
创建引擎成功
创建引擎成功
创建引擎成功
创建引擎成功
插入数据库成功
插入数据库成功
插入数据库成功
插入数据库成功
插入数据库成功
插入数据库成功
插入数据库成功
插入数据库成功
插入数据库成功
插入数据库成功
插入数据库成功
插入数据库成功
插入数据库成功
插入数据库成功
插入数据库成功
插入数据库成功
插入数据库成功
插入数据库成功
插入数据库成功
插入数据库成功
创建引擎成功
创建引擎成功
创建引擎成功
创建引擎成功
创建引擎成功
创建引擎成功
创建引擎成功
创建引擎成功
创建引擎成功
创建引擎成功
创建引擎成功
插入数据库成功
插入数据库成功
插入数据库成功
插入数据库成功
插入数据库成功
插入数据库成功
插入数据库成功
插入数据库成功
插入数据库成功
插入数据库成功
插入数据库成功
插入数据库成功
插入数据库成功
插入数据库成功
插入数据库成功
插入数据库成功
插入数据库成功
插入数据库成功
插入数据库成功
插入数据库成功
插入数据库成功
插入数据库成功
创建引擎成功
创建引擎成功
创建引擎成功
创建引擎成功
创建引擎成功
创建引擎成功
创建引擎成功
创建引擎成功
创建引擎成功
创建引擎成功
创建引擎成功
创建引擎成功
插入数据库成功
插入数据库成功
插入数据库成功
插入数据库成功
插入数据库成功
插入数据库成功
插入数据库成功
插入数据库成功
插入数据库成功
插入数据库成功
插入数据库成功
插入数据库成功
插入数据库成功
插入数据库成功
插入数据库成功
插入数据库成功
插入数据库成功
插入数据库成功
插入数据库成功
插入数据库成功
插入数据库成功
插入数据库成功
插入数据库成功
插入数据库成功
创建引擎成功
创建引擎成功
创建引擎成功
创建引擎成功
创建引擎成功
创建引擎成功
创建引擎成功
创建引擎成功
创建引擎成功
创建引擎成功
创建引擎成功
创建引擎成功
创建引擎成功
插入数据库成功
插入数据库成功
插入数据库成功
插入数据库成功
插入数据库成功
插入数据库成功
插入数据库成功
插入数据库成功
插入数据库成功
插入数据库成功
插入数据库成功
插入数据库成功
插入数据库成功
插入数据库成功
插入数据库成功
插入数据库成功
插入数据库成功
插入数据库成功
插入数据库成功
插入数据库成功
插入数据库成功
插入数据库成功
插入数据库成功
插入数据库成功
插入数据库成功
插入数据库成功
创建引擎成功
创建引擎成功
创建引擎成功
创建引擎成功
创建引擎成功
创建引擎成功
创建引擎成功
创建引擎成功
创建引擎成功
创建引擎成功
创建引擎成功
创建引擎成功
创建引擎成功
创建引擎成功
插入数据库成功
插入数据库成功
插入数据库成功
插入数据库成功
插入数据库成功
插入数据库成功
插入数据库成功
插入数据库成功
插入数据库成功
插入数据库成功
插入数据库成功
插入数据库成功
插入数据库成功
插入数据库成功
插入数据库成功
插入数据库成功
插入数据库成功
插入数据库成功
插入数据库成功
插入数据库成功
插入数据库成功
插入数据库成功
插入数据库成功
插入数据库成功
插入数据库成功
插入数据库成功
插入数据库成功
插入数据库成功
创建引擎成功
创建引擎成功
创建引擎成功
创建引擎成功
创建引擎成功
创建引擎成功
创建引擎成功
创建引擎成功
创建引擎成功
创建引擎成功
创建引擎成功
创建引擎成功
创建引擎成功
创建引擎成功
创建引擎成功
插入数据库成功
插入数据库成功
插入数据库成功
插入数据库成功
插入数据库成功
插入数据库成功
插入数据库成功
插入数据库成功
插入数据库成功
插入数据库成功
插入数据库成功
插入数据库成功
插入数据库成功
插入数据库成功
插入数据库成功
插入数据库成功
插入数据库成功
插入数据库成功
插入数据库成功
插入数据库成功
插入数据库成功
插入数据库成功
插入数据库成功
插入数据库成功
插入数据库成功
插入数据库成功
插入数据库成功
插入数据库成功
插入数据库成功
插入数据库成功
创建引擎成功
创建引擎成功
创建引擎成功
创建引擎成功
创建引擎成功
创建引擎成功
创建引擎成功
创建引擎成功
创建引擎成功
创建引擎成功
创建引擎成功
创建引擎成功
创建引擎成功
创建引擎成功
创建引擎成功
创建引擎成功
插入数据库成功
插入数据库成功
插入数据库成功
插入数据库成功
插入数据库成功
插入数据库成功
插入数据库成功
插入数据库成功
插入数据库成功
插入数据库成功
插入数据库成功
插入数据库成功
插入数据库成功
插入数据库成功
插入数据库成功
插入数据库成功
插入数据库成功
插入数据库成功
插入数据库成功
插入数据库成功
插入数据库成功
插入数据库成功
插入数据库成功
插入数据库成功
插入数据库成功
插入数据库成功
插入数据库成功
插入数据库成功
插入数据库成功
插入数据库成功
插入数据库成功
插入数据库成功
创建引擎成功
创建引擎成功
创建引擎成功
创建引擎成功
创建引擎成功
创建引擎成功
创建引擎成功
创建引擎成功
创建引擎成功
创建引擎成功
创建引擎成功
创建引擎成功
创建引擎成功
创建引擎成功
创建引擎成功
创建引擎成功
创建引擎成功
插入数据库成功
插入数据库成功
插入数据库成功
插入数据库成功
插入数据库成功
插入数据库成功
插入数据库成功
插入数据库成功
插入数据库成功
插入数据库成功
插入数据库成功
插入数据库成功
插入数据库成功
插入数据库成功
插入数据库成功
插入数据库成功
插入数据库成功
插入数据库成功
插入数据库成功
插入数据库成功
插入数据库成功
插入数据库成功
插入数据库成功
插入数据库成功
插入数据库成功
插入数据库成功
插入数据库成功
插入数据库成功
插入数据库成功
插入数据库成功
插入数据库成功
插入数据库成功
插入数据库成功
插入数据库成功
创建引擎成功
创建引擎成功
创建引擎成功
创建引擎成功
创建引擎成功
创建引擎成功
创建引擎成功
创建引擎成功
创建引擎成功
创建引擎成功
创建引擎成功
创建引擎成功
创建引擎成功
创建引擎成功
创建引擎成功
创建引擎成功
创建引擎成功
创建引擎成功
插入数据库成功
插入数据库成功
插入数据库成功
插入数据库成功
插入数据库成功
插入数据库成功
插入数据库成功
插入数据库成功
插入数据库成功
插入数据库成功
插入数据库成功
插入数据库成功
插入数据库成功
插入数据库成功
插入数据库成功
插入数据库成功
插入数据库成功
插入数据库成功
插入数据库成功
插入数据库成功
插入数据库成功
插入数据库成功
插入数据库成功
插入数据库成功
插入数据库成功
插入数据库成功
插入数据库成功
插入数据库成功
插入数据库成功
插入数据库成功
插入数据库成功
插入数据库成功
插入数据库成功
插入数据库成功
插入数据库成功
插入数据库成功
创建引擎成功
创建引擎成功
创建引擎成功
创建引擎成功
创建引擎成功
创建引擎成功
创建引擎成功
创建引擎成功
创建引擎成功
创建引擎成功
创建引擎成功
创建引擎成功
创建引擎成功
创建引擎成功
创建引擎成功
创建引擎成功
创建引擎成功
创建引擎成功
创建引擎成功
插入数据库成功
插入数据库成功
插入数据库成功
插入数据库成功
插入数据库成功
插入数据库成功
插入数据库成功
插入数据库成功
插入数据库成功
插入数据库成功
插入数据库成功
插入数据库成功
插入数据库成功
插入数据库成功
插入数据库成功
插入数据库成功
插入数据库成功
插入数据库成功
插入数据库成功
插入数据库成功
插入数据库成功
插入数据库成功
插入数据库成功
插入数据库成功
插入数据库成功
插入数据库成功
插入数据库成功
插入数据库成功
插入数据库成功
插入数据库成功
插入数据库成功
插入数据库成功
插入数据库成功
插入数据库成功
插入数据库成功
插入数据库成功
插入数据库成功
插入数据库成功
创建引擎成功
创建引擎成功
创建引擎成功
创建引擎成功
创建引擎成功
创建引擎成功
创建引擎成功
创建引擎成功
创建引擎成功
创建引擎成功
创建引擎成功
创建引擎成功
创建引擎成功
创建引擎成功
创建引擎成功
创建引擎成功
创建引擎成功
创建引擎成功
创建引擎成功
创建引擎成功
插入数据库成功
插入数据库成功
插入数据库成功
插入数据库成功
插入数据库成功
插入数据库成功
插入数据库成功
插入数据库成功
插入数据库成功
插入数据库成功
插入数据库成功
插入数据库成功
插入数据库成功
插入数据库成功
插入数据库成功
插入数据库成功
插入数据库成功
插入数据库成功
插入数据库成功
插入数据库成功
插入数据库成功
插入数据库成功
插入数据库成功
插入数据库成功
插入数据库成功
插入数据库成功
插入数据库成功
插入数据库成功
插入数据库成功
插入数据库成功
插入数据库成功
插入数据库成功
插入数据库成功
插入数据库成功
插入数据库成功
插入数据库成功
插入数据库成功
插入数据库成功
插入数据库成功
插入数据库成功
2023-09-02 16:20:00,385-创建引擎成功
2023-09-02 16:20:01,057-插入数据库成功
2023-09-02 16:20:06,545-创建引擎成功
2023-09-02 16:20:06,545-创建引擎成功
2023-09-02 16:20:07,233-插入数据库成功
2023-09-02 16:20:07,233-插入数据库成功
2023-09-02 16:20:12,476-创建引擎成功
2023-09-02 16:20:12,476-创建引擎成功
2023-09-02 16:20:12,476-创建引擎成功
2023-09-02 16:20:13,146-插入数据库成功
2023-09-02 16:20:13,146-插入数据库成功
2023-09-02 16:20:13,146-插入数据库成功
2023-09-02 16:20:13,151-创建引擎成功
2023-09-02 16:20:13,151-创建引擎成功
2023-09-02 16:20:13,151-创建引擎成功
2023-09-02 16:20:13,151-创建引擎成功
2023-09-02 16:20:13,841-插入数据库成功
2023-09-02 16:20:13,841-插入数据库成功
2023-09-02 16:20:13,841-插入数据库成功
2023-09-02 16:20:13,841-插入数据库成功
2023-09-02 16:20:19,360-创建引擎成功
2023-09-02 16:20:19,360-创建引擎成功
2023-09-02 16:20:19,360-创建引擎成功
2023-09-02 16:20:19,360-创建引擎成功
2023-09-02 16:20:19,360-创建引擎成功
2023-09-02 16:20:20,068-插入数据库成功
2023-09-02 16:20:20,068-插入数据库成功
2023-09-02 16:20:20,068-插入数据库成功
2023-09-02 16:20:20,068-插入数据库成功
2023-09-02 16:20:20,068-插入数据库成功
2023-09-02 16:20:20,095-创建引擎成功
2023-09-02 16:20:20,095-创建引擎成功
2023-09-02 16:20:20,095-创建引擎成功
2023-09-02 16:20:20,095-创建引擎成功
2023-09-02 16:20:20,095-创建引擎成功
2023-09-02 16:20:20,095-创建引擎成功
2023-09-02 16:20:20,816-插入数据库成功
2023-09-02 16:20:20,816-插入数据库成功
2023-09-02 16:20:20,816-插入数据库成功
2023-09-02 16:20:20,816-插入数据库成功
2023-09-02 16:20:20,816-插入数据库成功
2023-09-02 16:20:20,816-插入数据库成功
2023-09-02 16:20:26,748-创建引擎成功
2023-09-02 16:20:26,748-创建引擎成功
2023-09-02 16:20:26,748-创建引擎成功
2023-09-02 16:20:26,748-创建引擎成功
2023-09-02 16:20:26,748-创建引擎成功
2023-09-02 16:20:26,748-创建引擎成功
2023-09-02 16:20:26,748-创建引擎成功
2023-09-02 16:20:27,478-插入数据库成功
2023-09-02 16:20:27,478-插入数据库成功
2023-09-02 16:20:27,478-插入数据库成功
2023-09-02 16:20:27,478-插入数据库成功
2023-09-02 16:20:27,478-插入数据库成功
2023-09-02 16:20:27,478-插入数据库成功
2023-09-02 16:20:27,478-插入数据库成功
2023-09-02 16:20:27,504-创建引擎成功
2023-09-02 16:20:27,504-创建引擎成功
2023-09-02 16:20:27,504-创建引擎成功
2023-09-02 16:20:27,504-创建引擎成功
2023-09-02 16:20:27,504-创建引擎成功
2023-09-02 16:20:27,504-创建引擎成功
2023-09-02 16:20:27,504-创建引擎成功
2023-09-02 16:20:27,504-创建引擎成功
2023-09-02 16:20:28,190-插入数据库成功
2023-09-02 16:20:28,190-插入数据库成功
2023-09-02 16:20:28,190-插入数据库成功
2023-09-02 16:20:28,190-插入数据库成功
2023-09-02 16:20:28,190-插入数据库成功
2023-09-02 16:20:28,190-插入数据库成功
2023-09-02 16:20:28,190-插入数据库成功
2023-09-02 16:20:28,190-插入数据库成功
2023-09-02 16:20:28,219-创建引擎成功
2023-09-02 16:20:28,219-创建引擎成功
2023-09-02 16:20:28,219-创建引擎成功
2023-09-02 16:20:28,219-创建引擎成功
2023-09-02 16:20:28,219-创建引擎成功
2023-09-02 16:20:28,219-创建引擎成功
2023-09-02 16:20:28,219-创建引擎成功
2023-09-02 16:20:28,219-创建引擎成功
2023-09-02 16:20:28,219-创建引擎成功
2023-09-02 16:20:28,955-插入数据库成功
2023-09-02 16:20:28,955-插入数据库成功
2023-09-02 16:20:28,955-插入数据库成功
2023-09-02 16:20:28,955-插入数据库成功
2023-09-02 16:20:28,955-插入数据库成功
2023-09-02 16:20:28,955-插入数据库成功
2023-09-02 16:20:28,955-插入数据库成功
2023-09-02 16:20:28,955-插入数据库成功
2023-09-02 16:20:28,955-插入数据库成功
2023-09-02 16:20:33,952-创建引擎成功
2023-09-02 16:20:33,952-创建引擎成功
2023-09-02 16:20:33,952-创建引擎成功
2023-09-02 16:20:33,952-创建引擎成功
2023-09-02 16:20:33,952-创建引擎成功
2023-09-02 16:20:33,952-创建引擎成功
2023-09-02 16:20:33,952-创建引擎成功
2023-09-02 16:20:33,952-创建引擎成功
2023-09-02 16:20:33,952-创建引擎成功
2023-09-02 16:20:33,952-创建引擎成功
2023-09-02 16:20:34,688-插入数据库成功
2023-09-02 16:20:34,688-插入数据库成功
2023-09-02 16:20:34,688-插入数据库成功
2023-09-02 16:20:34,688-插入数据库成功
2023-09-02 16:20:34,688-插入数据库成功
2023-09-02 16:20:34,688-插入数据库成功
2023-09-02 16:20:34,688-插入数据库成功
2023-09-02 16:20:34,688-插入数据库成功
2023-09-02 16:20:34,688-插入数据库成功
2023-09-02 16:20:34,688-插入数据库成功
2023-09-02 16:20:34,714-创建引擎成功
2023-09-02 16:20:34,714-创建引擎成功
2023-09-02 16:20:34,714-创建引擎成功
2023-09-02 16:20:34,714-创建引擎成功
2023-09-02 16:20:34,714-创建引擎成功
2023-09-02 16:20:34,714-创建引擎成功
2023-09-02 16:20:34,714-创建引擎成功
2023-09-02 16:20:34,714-创建引擎成功
2023-09-02 16:20:34,714-创建引擎成功
2023-09-02 16:20:34,714-创建引擎成功
2023-09-02 16:20:34,714-创建引擎成功
2023-09-02 16:20:35,445-插入数据库成功
2023-09-02 16:20:35,445-插入数据库成功
2023-09-02 16:20:35,445-插入数据库成功
2023-09-02 16:20:35,445-插入数据库成功
2023-09-02 16:20:35,445-插入数据库成功
2023-09-02 16:20:35,445-插入数据库成功
2023-09-02 16:20:35,445-插入数据库成功
2023-09-02 16:20:35,445-插入数据库成功
2023-09-02 16:20:35,445-插入数据库成功
2023-09-02 16:20:35,445-插入数据库成功
2023-09-02 16:20:35,445-插入数据库成功
2023-09-02 16:20:35,470-创建引擎成功
2023-09-02 16:20:35,470-创建引擎成功
2023-09-02 16:20:35,470-创建引擎成功
2023-09-02 16:20:35,470-创建引擎成功
2023-09-02 16:20:35,470-创建引擎成功
2023-09-02 16:20:35,470-创建引擎成功
2023-09-02 16:20:35,470-创建引擎成功
2023-09-02 16:20:35,470-创建引擎成功
2023-09-02 16:20:35,470-创建引擎成功
2023-09-02 16:20:35,470-创建引擎成功
2023-09-02 16:20:35,470-创建引擎成功
2023-09-02 16:20:35,470-创建引擎成功
2023-09-02 16:20:36,197-插入数据库成功
2023-09-02 16:20:36,197-插入数据库成功
2023-09-02 16:20:36,197-插入数据库成功
2023-09-02 16:20:36,197-插入数据库成功
2023-09-02 16:20:36,197-插入数据库成功
2023-09-02 16:20:36,197-插入数据库成功
2023-09-02 16:20:36,197-插入数据库成功
2023-09-02 16:20:36,197-插入数据库成功
2023-09-02 16:20:36,197-插入数据库成功
2023-09-02 16:20:36,197-插入数据库成功
2023-09-02 16:20:36,197-插入数据库成功
2023-09-02 16:20:36,197-插入数据库成功
2023-09-02 16:20:41,208-创建引擎成功
2023-09-02 16:20:41,208-创建引擎成功
2023-09-02 16:20:41,208-创建引擎成功
2023-09-02 16:20:41,208-创建引擎成功
2023-09-02 16:20:41,208-创建引擎成功
2023-09-02 16:20:41,208-创建引擎成功
2023-09-02 16:20:41,208-创建引擎成功
2023-09-02 16:20:41,208-创建引擎成功
2023-09-02 16:20:41,208-创建引擎成功
2023-09-02 16:20:41,208-创建引擎成功
2023-09-02 16:20:41,208-创建引擎成功
2023-09-02 16:20:41,208-创建引擎成功
2023-09-02 16:20:41,208-创建引擎成功
2023-09-02 16:20:41,872-插入数据库成功
2023-09-02 16:20:41,872-插入数据库成功
2023-09-02 16:20:41,872-插入数据库成功
2023-09-02 16:20:41,872-插入数据库成功
2023-09-02 16:20:41,872-插入数据库成功
2023-09-02 16:20:41,872-插入数据库成功
2023-09-02 16:20:41,872-插入数据库成功
2023-09-02 16:20:41,872-插入数据库成功
2023-09-02 16:20:41,872-插入数据库成功
2023-09-02 16:20:41,872-插入数据库成功
2023-09-02 16:20:41,872-插入数据库成功
2023-09-02 16:20:41,872-插入数据库成功
2023-09-02 16:20:41,872-插入数据库成功
2023-09-02 16:20:41,879-创建引擎成功
2023-09-02 16:20:41,879-创建引擎成功
2023-09-02 16:20:41,879-创建引擎成功
2023-09-02 16:20:41,879-创建引擎成功
2023-09-02 16:20:41,879-创建引擎成功
2023-09-02 16:20:41,879-创建引擎成功
2023-09-02 16:20:41,879-创建引擎成功
2023-09-02 16:20:41,879-创建引擎成功
2023-09-02 16:20:41,879-创建引擎成功
2023-09-02 16:20:41,879-创建引擎成功
2023-09-02 16:20:41,879-创建引擎成功
2023-09-02 16:20:41,879-创建引擎成功
2023-09-02 16:20:41,879-创建引擎成功
2023-09-02 16:20:41,879-创建引擎成功
2023-09-02 16:20:42,604-插入数据库成功
2023-09-02 16:20:42,604-插入数据库成功
2023-09-02 16:20:42,604-插入数据库成功
2023-09-02 16:20:42,604-插入数据库成功
2023-09-02 16:20:42,604-插入数据库成功
2023-09-02 16:20:42,604-插入数据库成功
2023-09-02 16:20:42,604-插入数据库成功
2023-09-02 16:20:42,604-插入数据库成功
2023-09-02 16:20:42,604-插入数据库成功
2023-09-02 16:20:42,604-插入数据库成功
2023-09-02 16:20:42,604-插入数据库成功
2023-09-02 16:20:42,604-插入数据库成功
2023-09-02 16:20:42,604-插入数据库成功
2023-09-02 16:20:42,604-插入数据库成功
2023-09-02 16:20:42,635-创建引擎成功
2023-09-02 16:20:42,635-创建引擎成功
2023-09-02 16:20:42,635-创建引擎成功
2023-09-02 16:20:42,635-创建引擎成功
2023-09-02 16:20:42,635-创建引擎成功
2023-09-02 16:20:42,635-创建引擎成功
2023-09-02 16:20:42,635-创建引擎成功
2023-09-02 16:20:42,635-创建引擎成功
2023-09-02 16:20:42,635-创建引擎成功
2023-09-02 16:20:42,635-创建引擎成功
2023-09-02 16:20:42,635-创建引擎成功
2023-09-02 16:20:42,635-创建引擎成功
2023-09-02 16:20:42,635-创建引擎成功
2023-09-02 16:20:42,635-创建引擎成功
2023-09-02 16:20:42,635-创建引擎成功
2023-09-02 16:20:43,351-插入数据库成功
2023-09-02 16:20:43,351-插入数据库成功
2023-09-02 16:20:43,351-插入数据库成功
2023-09-02 16:20:43,351-插入数据库成功
2023-09-02 16:20:43,351-插入数据库成功
2023-09-02 16:20:43,351-插入数据库成功
2023-09-02 16:20:43,351-插入数据库成功
2023-09-02 16:20:43,351-插入数据库成功
2023-09-02 16:20:43,351-插入数据库成功
2023-09-02 16:20:43,351-插入数据库成功
2023-09-02 16:20:43,351-插入数据库成功
2023-09-02 16:20:43,351-插入数据库成功
2023-09-02 16:20:43,351-插入数据库成功
2023-09-02 16:20:43,351-插入数据库成功
2023-09-02 16:20:43,351-插入数据库成功
2023-09-02 16:20:43,356-创建引擎成功
2023-09-02 16:20:43,356-创建引擎成功
2023-09-02 16:20:43,356-创建引擎成功
2023-09-02 16:20:43,356-创建引擎成功
2023-09-02 16:20:43,356-创建引擎成功
2023-09-02 16:20:43,356-创建引擎成功
2023-09-02 16:20:43,356-创建引擎成功
2023-09-02 16:20:43,356-创建引擎成功
2023-09-02 16:20:43,356-创建引擎成功
2023-09-02 16:20:43,356-创建引擎成功
2023-09-02 16:20:43,356-创建引擎成功
2023-09-02 16:20:43,356-创建引擎成功
2023-09-02 16:20:43,356-创建引擎成功
2023-09-02 16:20:43,356-创建引擎成功
2023-09-02 16:20:43,356-创建引擎成功
2023-09-02 16:20:43,356-创建引擎成功
2023-09-02 16:20:44,023-插入数据库成功
2023-09-02 16:20:44,023-插入数据库成功
2023-09-02 16:20:44,023-插入数据库成功
2023-09-02 16:20:44,023-插入数据库成功
2023-09-02 16:20:44,023-插入数据库成功
2023-09-02 16:20:44,023-插入数据库成功
2023-09-02 16:20:44,023-插入数据库成功
2023-09-02 16:20:44,023-插入数据库成功
2023-09-02 16:20:44,023-插入数据库成功
2023-09-02 16:20:44,023-插入数据库成功
2023-09-02 16:20:44,023-插入数据库成功
2023-09-02 16:20:44,023-插入数据库成功
2023-09-02 16:20:44,023-插入数据库成功
2023-09-02 16:20:44,023-插入数据库成功
2023-09-02 16:20:44,023-插入数据库成功
2023-09-02 16:20:44,023-插入数据库成功
2023-09-02 16:20:44,033-创建引擎成功
2023-09-02 16:20:44,033-创建引擎成功
2023-09-02 16:20:44,033-创建引擎成功
2023-09-02 16:20:44,033-创建引擎成功
2023-09-02 16:20:44,033-创建引擎成功
2023-09-02 16:20:44,033-创建引擎成功
2023-09-02 16:20:44,033-创建引擎成功
2023-09-02 16:20:44,033-创建引擎成功
2023-09-02 16:20:44,033-创建引擎成功
2023-09-02 16:20:44,033-创建引擎成功
2023-09-02 16:20:44,033-创建引擎成功
2023-09-02 16:20:44,033-创建引擎成功
2023-09-02 16:20:44,033-创建引擎成功
2023-09-02 16:20:44,033-创建引擎成功
2023-09-02 16:20:44,033-创建引擎成功
2023-09-02 16:20:44,033-创建引擎成功
2023-09-02 16:20:44,033-创建引擎成功
2023-09-02 16:20:44,733-插入数据库成功
2023-09-02 16:20:44,733-插入数据库成功
2023-09-02 16:20:44,733-插入数据库成功
2023-09-02 16:20:44,733-插入数据库成功
2023-09-02 16:20:44,733-插入数据库成功
2023-09-02 16:20:44,733-插入数据库成功
2023-09-02 16:20:44,733-插入数据库成功
2023-09-02 16:20:44,733-插入数据库成功
2023-09-02 16:20:44,733-插入数据库成功
2023-09-02 16:20:44,733-插入数据库成功
2023-09-02 16:20:44,733-插入数据库成功
2023-09-02 16:20:44,733-插入数据库成功
2023-09-02 16:20:44,733-插入数据库成功
2023-09-02 16:20:44,733-插入数据库成功
2023-09-02 16:20:44,733-插入数据库成功
2023-09-02 16:20:44,733-插入数据库成功
2023-09-02 16:20:44,733-插入数据库成功
2023-09-02 16:20:44,745-创建引擎成功
2023-09-02 16:20:44,745-创建引擎成功
2023-09-02 16:20:44,745-创建引擎成功
2023-09-02 16:20:44,745-创建引擎成功
2023-09-02 16:20:44,745-创建引擎成功
2023-09-02 16:20:44,745-创建引擎成功
2023-09-02 16:20:44,745-创建引擎成功
2023-09-02 16:20:44,745-创建引擎成功
2023-09-02 16:20:44,745-创建引擎成功
2023-09-02 16:20:44,745-创建引擎成功
2023-09-02 16:20:44,745-创建引擎成功
2023-09-02 16:20:44,745-创建引擎成功
2023-09-02 16:20:44,745-创建引擎成功
2023-09-02 16:20:44,745-创建引擎成功
2023-09-02 16:20:44,745-创建引擎成功
2023-09-02 16:20:44,745-创建引擎成功
2023-09-02 16:20:44,745-创建引擎成功
2023-09-02 16:20:44,745-创建引擎成功
2023-09-02 16:20:45,418-插入数据库成功
2023-09-02 16:20:45,418-插入数据库成功
2023-09-02 16:20:45,418-插入数据库成功
2023-09-02 16:20:45,418-插入数据库成功
2023-09-02 16:20:45,418-插入数据库成功
2023-09-02 16:20:45,418-插入数据库成功
2023-09-02 16:20:45,418-插入数据库成功
2023-09-02 16:20:45,418-插入数据库成功
2023-09-02 16:20:45,418-插入数据库成功
2023-09-02 16:20:45,418-插入数据库成功
2023-09-02 16:20:45,418-插入数据库成功
2023-09-02 16:20:45,418-插入数据库成功
2023-09-02 16:20:45,418-插入数据库成功
2023-09-02 16:20:45,418-插入数据库成功
2023-09-02 16:20:45,418-插入数据库成功
2023-09-02 16:20:45,418-插入数据库成功
2023-09-02 16:20:45,418-插入数据库成功
2023-09-02 16:20:45,418-插入数据库成功
2023-09-02 16:20:45,425-创建引擎成功
2023-09-02 16:20:45,425-创建引擎成功
2023-09-02 16:20:45,425-创建引擎成功
2023-09-02 16:20:45,425-创建引擎成功
2023-09-02 16:20:45,425-创建引擎成功
2023-09-02 16:20:45,425-创建引擎成功
2023-09-02 16:20:45,425-创建引擎成功
2023-09-02 16:20:45,425-创建引擎成功
2023-09-02 16:20:45,425-创建引擎成功
2023-09-02 16:20:45,425-创建引擎成功
2023-09-02 16:20:45,425-创建引擎成功
2023-09-02 16:20:45,425-创建引擎成功
2023-09-02 16:20:45,425-创建引擎成功
2023-09-02 16:20:45,425-创建引擎成功
2023-09-02 16:20:45,425-创建引擎成功
2023-09-02 16:20:45,425-创建引擎成功
2023-09-02 16:20:45,425-创建引擎成功
2023-09-02 16:20:45,425-创建引擎成功
2023-09-02 16:20:45,425-创建引擎成功
2023-09-02 16:20:46,098-插入数据库成功
2023-09-02 16:20:46,098-插入数据库成功
2023-09-02 16:20:46,098-插入数据库成功
2023-09-02 16:20:46,098-插入数据库成功
2023-09-02 16:20:46,098-插入数据库成功
2023-09-02 16:20:46,098-插入数据库成功
2023-09-02 16:20:46,098-插入数据库成功
2023-09-02 16:20:46,098-插入数据库成功
2023-09-02 16:20:46,098-插入数据库成功
2023-09-02 16:20:46,098-插入数据库成功
2023-09-02 16:20:46,098-插入数据库成功
2023-09-02 16:20:46,098-插入数据库成功
2023-09-02 16:20:46,098-插入数据库成功
2023-09-02 16:20:46,098-插入数据库成功
2023-09-02 16:20:46,098-插入数据库成功
2023-09-02 16:20:46,098-插入数据库成功
2023-09-02 16:20:46,098-插入数据库成功
2023-09-02 16:20:46,098-插入数据库成功
2023-09-02 16:20:46,098-插入数据库成功
2023-09-02 16:20:46,104-创建引擎成功
2023-09-02 16:20:46,104-创建引擎成功
2023-09-02 16:20:46,104-创建引擎成功
2023-09-02 16:20:46,104-创建引擎成功
2023-09-02 16:20:46,104-创建引擎成功
2023-09-02 16:20:46,104-创建引擎成功
2023-09-02 16:20:46,104-创建引擎成功
2023-09-02 16:20:46,104-创建引擎成功
2023-09-02 16:20:46,104-创建引擎成功
2023-09-02 16:20:46,104-创建引擎成功
2023-09-02 16:20:46,104-创建引擎成功
2023-09-02 16:20:46,104-创建引擎成功
2023-09-02 16:20:46,104-创建引擎成功
2023-09-02 16:20:46,104-创建引擎成功
2023-09-02 16:20:46,104-创建引擎成功
2023-09-02 16:20:46,104-创建引擎成功
2023-09-02 16:20:46,104-创建引擎成功
2023-09-02 16:20:46,104-创建引擎成功
2023-09-02 16:20:46,104-创建引擎成功
2023-09-02 16:20:46,104-创建引擎成功
2023-09-02 16:20:46,790-插入数据库成功
2023-09-02 16:20:46,790-插入数据库成功
2023-09-02 16:20:46,790-插入数据库成功
2023-09-02 16:20:46,790-插入数据库成功
2023-09-02 16:20:46,790-插入数据库成功
2023-09-02 16:20:46,790-插入数据库成功
2023-09-02 16:20:46,790-插入数据库成功
2023-09-02 16:20:46,790-插入数据库成功
2023-09-02 16:20:46,790-插入数据库成功
2023-09-02 16:20:46,790-插入数据库成功
2023-09-02 16:20:46,790-插入数据库成功
2023-09-02 16:20:46,790-插入数据库成功
2023-09-02 16:20:46,790-插入数据库成功
2023-09-02 16:20:46,790-插入数据库成功
2023-09-02 16:20:46,790-插入数据库成功
2023-09-02 16:20:46,790-插入数据库成功
2023-09-02 16:20:46,790-插入数据库成功
2023-09-02 16:20:46,790-插入数据库成功
2023-09-02 16:20:46,790-插入数据库成功
2023-09-02 16:20:46,790-插入数据库成功
2023-09-02 16:29:59,130 创建引擎成功
2023-09-02 16:29:59,830 插入数据库成功
2023-09-02 16:30:05,241 创建引擎成功
2023-09-02 16:30:05,241 创建引擎成功
2023-09-02 16:30:05,970 插入数据库成功
2023-09-02 16:30:05,970 插入数据库成功
2023-09-02 16:30:11,373 创建引擎成功
2023-09-02 16:30:11,373 创建引擎成功
2023-09-02 16:30:11,373 创建引擎成功
2023-09-02 16:30:12,219 插入数据库成功
2023-09-02 16:30:12,219 插入数据库成功
2023-09-02 16:30:12,219 插入数据库成功
2023-09-02 16:30:12,244 创建引擎成功
2023-09-02 16:30:12,244 创建引擎成功
2023-09-02 16:30:12,244 创建引擎成功
2023-09-02 16:30:12,244 创建引擎成功
2023-09-02 16:30:19,937 插入数据库成功
2023-09-02 16:30:19,937 插入数据库成功
2023-09-02 16:30:19,937 插入数据库成功
2023-09-02 16:30:19,937 插入数据库成功
2023-09-02 16:30:25,808 创建引擎成功
2023-09-02 16:30:25,808 创建引擎成功
2023-09-02 16:30:25,808 创建引擎成功
2023-09-02 16:30:25,808 创建引擎成功
2023-09-02 16:30:25,808 创建引擎成功
2023-09-02 16:30:26,529 插入数据库成功
2023-09-02 16:30:26,529 插入数据库成功
2023-09-02 16:30:26,529 插入数据库成功
2023-09-02 16:30:26,529 插入数据库成功
2023-09-02 16:30:26,529 插入数据库成功
2023-09-02 16:30:26,558 创建引擎成功
2023-09-02 16:30:26,558 创建引擎成功
2023-09-02 16:30:26,558 创建引擎成功
2023-09-02 16:30:26,558 创建引擎成功
2023-09-02 16:30:26,558 创建引擎成功
2023-09-02 16:30:26,558 创建引擎成功
2023-09-02 16:30:27,250 插入数据库成功
2023-09-02 16:30:27,250 插入数据库成功
2023-09-02 16:30:27,250 插入数据库成功
2023-09-02 16:30:27,250 插入数据库成功
2023-09-02 16:30:27,250 插入数据库成功
2023-09-02 16:30:27,250 插入数据库成功
2023-09-02 16:30:32,594 创建引擎成功
2023-09-02 16:30:32,594 创建引擎成功
2023-09-02 16:30:32,594 创建引擎成功
2023-09-02 16:30:32,594 创建引擎成功
2023-09-02 16:30:32,594 创建引擎成功
2023-09-02 16:30:32,594 创建引擎成功
2023-09-02 16:30:32,594 创建引擎成功
2023-09-02 16:30:33,328 插入数据库成功
2023-09-02 16:30:33,328 插入数据库成功
2023-09-02 16:30:33,328 插入数据库成功
2023-09-02 16:30:33,328 插入数据库成功
2023-09-02 16:30:33,328 插入数据库成功
2023-09-02 16:30:33,328 插入数据库成功
2023-09-02 16:30:33,328 插入数据库成功
2023-09-02 16:30:33,352 创建引擎成功
2023-09-02 16:30:33,352 创建引擎成功
2023-09-02 16:30:33,352 创建引擎成功
2023-09-02 16:30:33,352 创建引擎成功
2023-09-02 16:30:33,352 创建引擎成功
2023-09-02 16:30:33,352 创建引擎成功
2023-09-02 16:30:33,352 创建引擎成功
2023-09-02 16:30:33,352 创建引擎成功
2023-09-02 16:30:34,094 插入数据库成功
2023-09-02 16:30:34,094 插入数据库成功
2023-09-02 16:30:34,094 插入数据库成功
2023-09-02 16:30:34,094 插入数据库成功
2023-09-02 16:30:34,094 插入数据库成功
2023-09-02 16:30:34,094 插入数据库成功
2023-09-02 16:30:34,094 插入数据库成功
2023-09-02 16:30:34,094 插入数据库成功
2023-09-02 16:30:34,123 创建引擎成功
2023-09-02 16:30:34,123 创建引擎成功
2023-09-02 16:30:34,123 创建引擎成功
2023-09-02 16:30:34,123 创建引擎成功
2023-09-02 16:30:34,123 创建引擎成功
2023-09-02 16:30:34,123 创建引擎成功
2023-09-02 16:30:34,123 创建引擎成功
2023-09-02 16:30:34,123 创建引擎成功
2023-09-02 16:30:34,123 创建引擎成功
2023-09-02 16:30:34,819 插入数据库成功
2023-09-02 16:30:34,819 插入数据库成功
2023-09-02 16:30:34,819 插入数据库成功
2023-09-02 16:30:34,819 插入数据库成功
2023-09-02 16:30:34,819 插入数据库成功
2023-09-02 16:30:34,819 插入数据库成功
2023-09-02 16:30:34,819 插入数据库成功
2023-09-02 16:30:34,819 插入数据库成功
2023-09-02 16:30:34,819 插入数据库成功
2023-09-02 16:30:40,523 创建引擎成功
2023-09-02 16:30:40,523 创建引擎成功
2023-09-02 16:30:40,523 创建引擎成功
2023-09-02 16:30:40,523 创建引擎成功
2023-09-02 16:30:40,523 创建引擎成功
2023-09-02 16:30:40,523 创建引擎成功
2023-09-02 16:30:40,523 创建引擎成功
2023-09-02 16:30:40,523 创建引擎成功
2023-09-02 16:30:40,523 创建引擎成功
2023-09-02 16:30:40,523 创建引擎成功
2023-09-02 16:30:41,259 插入数据库成功
2023-09-02 16:30:41,259 插入数据库成功
2023-09-02 16:30:41,259 插入数据库成功
2023-09-02 16:30:41,259 插入数据库成功
2023-09-02 16:30:41,259 插入数据库成功
2023-09-02 16:30:41,259 插入数据库成功
2023-09-02 16:30:41,259 插入数据库成功
2023-09-02 16:30:41,259 插入数据库成功
2023-09-02 16:30:41,259 插入数据库成功
2023-09-02 16:30:41,259 插入数据库成功
2023-09-02 16:30:41,284 创建引擎成功
2023-09-02 16:30:41,284 创建引擎成功
2023-09-02 16:30:41,284 创建引擎成功
2023-09-02 16:30:41,284 创建引擎成功
2023-09-02 16:30:41,284 创建引擎成功
2023-09-02 16:30:41,284 创建引擎成功
2023-09-02 16:30:41,284 创建引擎成功
2023-09-02 16:30:41,284 创建引擎成功
2023-09-02 16:30:41,284 创建引擎成功
2023-09-02 16:30:41,284 创建引擎成功
2023-09-02 16:30:41,284 创建引擎成功
2023-09-02 16:30:42,019 插入数据库成功
2023-09-02 16:30:42,019 插入数据库成功
2023-09-02 16:30:42,019 插入数据库成功
2023-09-02 16:30:42,019 插入数据库成功
2023-09-02 16:30:42,019 插入数据库成功
2023-09-02 16:30:42,019 插入数据库成功
2023-09-02 16:30:42,019 插入数据库成功
2023-09-02 16:30:42,019 插入数据库成功
2023-09-02 16:30:42,019 插入数据库成功
2023-09-02 16:30:42,019 插入数据库成功
2023-09-02 16:30:42,019 插入数据库成功
2023-09-02 16:30:42,047 创建引擎成功
2023-09-02 16:30:42,047 创建引擎成功
2023-09-02 16:30:42,047 创建引擎成功
2023-09-02 16:30:42,047 创建引擎成功
2023-09-02 16:30:42,047 创建引擎成功
2023-09-02 16:30:42,047 创建引擎成功
2023-09-02 16:30:42,047 创建引擎成功
2023-09-02 16:30:42,047 创建引擎成功
2023-09-02 16:30:42,047 创建引擎成功
2023-09-02 16:30:42,047 创建引擎成功
2023-09-02 16:30:42,047 创建引擎成功
2023-09-02 16:30:42,047 创建引擎成功
2023-09-02 16:30:42,772 插入数据库成功
2023-09-02 16:30:42,772 插入数据库成功
2023-09-02 16:30:42,772 插入数据库成功
2023-09-02 16:30:42,772 插入数据库成功
2023-09-02 16:30:42,772 插入数据库成功
2023-09-02 16:30:42,772 插入数据库成功
2023-09-02 16:30:42,772 插入数据库成功
2023-09-02 16:30:42,772 插入数据库成功
2023-09-02 16:30:42,772 插入数据库成功
2023-09-02 16:30:42,772 插入数据库成功
2023-09-02 16:30:42,772 插入数据库成功
2023-09-02 16:30:42,772 插入数据库成功
2023-09-02 16:30:47,785 创建引擎成功
2023-09-02 16:30:47,785 创建引擎成功
2023-09-02 16:30:47,785 创建引擎成功
2023-09-02 16:30:47,785 创建引擎成功
2023-09-02 16:30:47,785 创建引擎成功
2023-09-02 16:30:47,785 创建引擎成功
2023-09-02 16:30:47,785 创建引擎成功
2023-09-02 16:30:47,785 创建引擎成功
2023-09-02 16:30:47,785 创建引擎成功
2023-09-02 16:30:47,785 创建引擎成功
2023-09-02 16:30:47,785 创建引擎成功
2023-09-02 16:30:47,785 创建引擎成功
2023-09-02 16:30:47,785 创建引擎成功
2023-09-02 16:30:48,535 插入数据库成功
2023-09-02 16:30:48,535 插入数据库成功
2023-09-02 16:30:48,535 插入数据库成功
2023-09-02 16:30:48,535 插入数据库成功
2023-09-02 16:30:48,535 插入数据库成功
2023-09-02 16:30:48,535 插入数据库成功
2023-09-02 16:30:48,535 插入数据库成功
2023-09-02 16:30:48,535 插入数据库成功
2023-09-02 16:30:48,535 插入数据库成功
2023-09-02 16:30:48,535 插入数据库成功
2023-09-02 16:30:48,535 插入数据库成功
2023-09-02 16:30:48,535 插入数据库成功
2023-09-02 16:30:48,535 插入数据库成功
2023-09-02 16:30:48,564 创建引擎成功
2023-09-02 16:30:48,564 创建引擎成功
2023-09-02 16:30:48,564 创建引擎成功
2023-09-02 16:30:48,564 创建引擎成功
2023-09-02 16:30:48,564 创建引擎成功
2023-09-02 16:30:48,564 创建引擎成功
2023-09-02 16:30:48,564 创建引擎成功
2023-09-02 16:30:48,564 创建引擎成功
2023-09-02 16:30:48,564 创建引擎成功
2023-09-02 16:30:48,564 创建引擎成功
2023-09-02 16:30:48,564 创建引擎成功
2023-09-02 16:30:48,564 创建引擎成功
2023-09-02 16:30:48,564 创建引擎成功
2023-09-02 16:30:48,564 创建引擎成功
2023-09-02 16:30:49,283 插入数据库成功
2023-09-02 16:30:49,283 插入数据库成功
2023-09-02 16:30:49,283 插入数据库成功
2023-09-02 16:30:49,283 插入数据库成功
2023-09-02 16:30:49,283 插入数据库成功
2023-09-02 16:30:49,283 插入数据库成功
2023-09-02 16:30:49,283 插入数据库成功
2023-09-02 16:30:49,283 插入数据库成功
2023-09-02 16:30:49,283 插入数据库成功
2023-09-02 16:30:49,283 插入数据库成功
2023-09-02 16:30:49,283 插入数据库成功
2023-09-02 16:30:49,283 插入数据库成功
2023-09-02 16:30:49,283 插入数据库成功
2023-09-02 16:30:49,283 插入数据库成功
2023-09-02 16:30:49,294 创建引擎成功
2023-09-02 16:30:49,294 创建引擎成功
2023-09-02 16:30:49,294 创建引擎成功
2023-09-02 16:30:49,294 创建引擎成功
2023-09-02 16:30:49,294 创建引擎成功
2023-09-02 16:30:49,294 创建引擎成功
2023-09-02 16:30:49,294 创建引擎成功
2023-09-02 16:30:49,294 创建引擎成功
2023-09-02 16:30:49,294 创建引擎成功
2023-09-02 16:30:49,294 创建引擎成功
2023-09-02 16:30:49,294 创建引擎成功
2023-09-02 16:30:49,294 创建引擎成功
2023-09-02 16:30:49,294 创建引擎成功
2023-09-02 16:30:49,294 创建引擎成功
2023-09-02 16:30:49,294 创建引擎成功
2023-09-02 16:30:49,933 插入数据库成功
2023-09-02 16:30:49,933 插入数据库成功
2023-09-02 16:30:49,933 插入数据库成功
2023-09-02 16:30:49,933 插入数据库成功
2023-09-02 16:30:49,933 插入数据库成功
2023-09-02 16:30:49,933 插入数据库成功
2023-09-02 16:30:49,933 插入数据库成功
2023-09-02 16:30:49,933 插入数据库成功
2023-09-02 16:30:49,933 插入数据库成功
2023-09-02 16:30:49,933 插入数据库成功
2023-09-02 16:30:49,933 插入数据库成功
2023-09-02 16:30:49,933 插入数据库成功
2023-09-02 16:30:49,933 插入数据库成功
2023-09-02 16:30:49,933 插入数据库成功
2023-09-02 16:30:49,933 插入数据库成功
2023-09-02 16:30:49,940 创建引擎成功
2023-09-02 16:30:49,940 创建引擎成功
2023-09-02 16:30:49,940 创建引擎成功
2023-09-02 16:30:49,940 创建引擎成功
2023-09-02 16:30:49,940 创建引擎成功
2023-09-02 16:30:49,940 创建引擎成功
2023-09-02 16:30:49,940 创建引擎成功
2023-09-02 16:30:49,940 创建引擎成功
2023-09-02 16:30:49,940 创建引擎成功
2023-09-02 16:30:49,940 创建引擎成功
2023-09-02 16:30:49,940 创建引擎成功
2023-09-02 16:30:49,940 创建引擎成功
2023-09-02 16:30:49,940 创建引擎成功
2023-09-02 16:30:49,940 创建引擎成功
2023-09-02 16:30:49,940 创建引擎成功
2023-09-02 16:30:49,940 创建引擎成功
2023-09-02 16:30:50,663 插入数据库成功
2023-09-02 16:30:50,663 插入数据库成功
2023-09-02 16:30:50,663 插入数据库成功
2023-09-02 16:30:50,663 插入数据库成功
2023-09-02 16:30:50,663 插入数据库成功
2023-09-02 16:30:50,663 插入数据库成功
2023-09-02 16:30:50,663 插入数据库成功
2023-09-02 16:30:50,663 插入数据库成功
2023-09-02 16:30:50,663 插入数据库成功
2023-09-02 16:30:50,663 插入数据库成功
2023-09-02 16:30:50,663 插入数据库成功
2023-09-02 16:30:50,663 插入数据库成功
2023-09-02 16:30:50,663 插入数据库成功
2023-09-02 16:30:50,663 插入数据库成功
2023-09-02 16:30:50,663 插入数据库成功
2023-09-02 16:30:50,663 插入数据库成功
2023-09-02 16:30:50,676 创建引擎成功
2023-09-02 16:30:50,676 创建引擎成功
2023-09-02 16:30:50,676 创建引擎成功
2023-09-02 16:30:50,676 创建引擎成功
2023-09-02 16:30:50,676 创建引擎成功
2023-09-02 16:30:50,676 创建引擎成功
2023-09-02 16:30:50,676 创建引擎成功
2023-09-02 16:30:50,676 创建引擎成功
2023-09-02 16:30:50,676 创建引擎成功
2023-09-02 16:30:50,676 创建引擎成功
2023-09-02 16:30:50,676 创建引擎成功
2023-09-02 16:30:50,676 创建引擎成功
2023-09-02 16:30:50,676 创建引擎成功
2023-09-02 16:30:50,676 创建引擎成功
2023-09-02 16:30:50,676 创建引擎成功
2023-09-02 16:30:50,676 创建引擎成功
2023-09-02 16:30:50,676 创建引擎成功
2023-09-02 16:30:51,392 插入数据库成功
2023-09-02 16:30:51,392 插入数据库成功
2023-09-02 16:30:51,392 插入数据库成功
2023-09-02 16:30:51,392 插入数据库成功
2023-09-02 16:30:51,392 插入数据库成功
2023-09-02 16:30:51,392 插入数据库成功
2023-09-02 16:30:51,392 插入数据库成功
2023-09-02 16:30:51,392 插入数据库成功
2023-09-02 16:30:51,392 插入数据库成功
2023-09-02 16:30:51,392 插入数据库成功
2023-09-02 16:30:51,392 插入数据库成功
2023-09-02 16:30:51,392 插入数据库成功
2023-09-02 16:30:51,392 插入数据库成功
2023-09-02 16:30:51,392 插入数据库成功
2023-09-02 16:30:51,392 插入数据库成功
2023-09-02 16:30:51,392 插入数据库成功
2023-09-02 16:30:51,392 插入数据库成功
2023-09-02 16:30:51,400 创建引擎成功
2023-09-02 16:30:51,400 创建引擎成功
2023-09-02 16:30:51,400 创建引擎成功
2023-09-02 16:30:51,400 创建引擎成功
2023-09-02 16:30:51,400 创建引擎成功
2023-09-02 16:30:51,400 创建引擎成功
2023-09-02 16:30:51,400 创建引擎成功
2023-09-02 16:30:51,400 创建引擎成功
2023-09-02 16:30:51,400 创建引擎成功
2023-09-02 16:30:51,400 创建引擎成功
2023-09-02 16:30:51,400 创建引擎成功
2023-09-02 16:30:51,400 创建引擎成功
2023-09-02 16:30:51,400 创建引擎成功
2023-09-02 16:30:51,400 创建引擎成功
2023-09-02 16:30:51,400 创建引擎成功
2023-09-02 16:30:51,400 创建引擎成功
2023-09-02 16:30:51,400 创建引擎成功
2023-09-02 16:30:51,400 创建引擎成功
2023-09-02 16:30:52,067 插入数据库成功
2023-09-02 16:30:52,067 插入数据库成功
2023-09-02 16:30:52,067 插入数据库成功
2023-09-02 16:30:52,067 插入数据库成功
2023-09-02 16:30:52,067 插入数据库成功
2023-09-02 16:30:52,067 插入数据库成功
2023-09-02 16:30:52,067 插入数据库成功
2023-09-02 16:30:52,067 插入数据库成功
2023-09-02 16:30:52,067 插入数据库成功
2023-09-02 16:30:52,067 插入数据库成功
2023-09-02 16:30:52,067 插入数据库成功
2023-09-02 16:30:52,067 插入数据库成功
2023-09-02 16:30:52,067 插入数据库成功
2023-09-02 16:30:52,067 插入数据库成功
2023-09-02 16:30:52,067 插入数据库成功
2023-09-02 16:30:52,067 插入数据库成功
2023-09-02 16:30:52,067 插入数据库成功
2023-09-02 16:30:52,067 插入数据库成功
2023-09-02 16:30:52,073 创建引擎成功
2023-09-02 16:30:52,073 创建引擎成功
2023-09-02 16:30:52,073 创建引擎成功
2023-09-02 16:30:52,073 创建引擎成功
2023-09-02 16:30:52,073 创建引擎成功
2023-09-02 16:30:52,073 创建引擎成功
2023-09-02 16:30:52,073 创建引擎成功
2023-09-02 16:30:52,073 创建引擎成功
2023-09-02 16:30:52,073 创建引擎成功
2023-09-02 16:30:52,073 创建引擎成功
2023-09-02 16:30:52,073 创建引擎成功
2023-09-02 16:30:52,073 创建引擎成功
2023-09-02 16:30:52,073 创建引擎成功
2023-09-02 16:30:52,073 创建引擎成功
2023-09-02 16:30:52,073 创建引擎成功
2023-09-02 16:30:52,073 创建引擎成功
2023-09-02 16:30:52,073 创建引擎成功
2023-09-02 16:30:52,073 创建引擎成功
2023-09-02 16:30:52,073 创建引擎成功
2023-09-02 16:30:52,764 插入数据库成功
2023-09-02 16:30:52,764 插入数据库成功
2023-09-02 16:30:52,764 插入数据库成功
2023-09-02 16:30:52,764 插入数据库成功
2023-09-02 16:30:52,764 插入数据库成功
2023-09-02 16:30:52,764 插入数据库成功
2023-09-02 16:30:52,764 插入数据库成功
2023-09-02 16:30:52,764 插入数据库成功
2023-09-02 16:30:52,764 插入数据库成功
2023-09-02 16:30:52,764 插入数据库成功
2023-09-02 16:30:52,764 插入数据库成功
2023-09-02 16:30:52,764 插入数据库成功
2023-09-02 16:30:52,764 插入数据库成功
2023-09-02 16:30:52,764 插入数据库成功
2023-09-02 16:30:52,764 插入数据库成功
2023-09-02 16:30:52,764 插入数据库成功
2023-09-02 16:30:52,764 插入数据库成功
2023-09-02 16:30:52,764 插入数据库成功
2023-09-02 16:30:52,764 插入数据库成功
2023-09-02 16:30:52,771 创建引擎成功
2023-09-02 16:30:52,771 创建引擎成功
2023-09-02 16:30:52,771 创建引擎成功
2023-09-02 16:30:52,771 创建引擎成功
2023-09-02 16:30:52,771 创建引擎成功
2023-09-02 16:30:52,771 创建引擎成功
2023-09-02 16:30:52,771 创建引擎成功
2023-09-02 16:30:52,771 创建引擎成功
2023-09-02 16:30:52,771 创建引擎成功
2023-09-02 16:30:52,771 创建引擎成功
2023-09-02 16:30:52,771 创建引擎成功
2023-09-02 16:30:52,771 创建引擎成功
2023-09-02 16:30:52,771 创建引擎成功
2023-09-02 16:30:52,771 创建引擎成功
2023-09-02 16:30:52,771 创建引擎成功
2023-09-02 16:30:52,771 创建引擎成功
2023-09-02 16:30:52,771 创建引擎成功
2023-09-02 16:30:52,771 创建引擎成功
2023-09-02 16:30:52,771 创建引擎成功
2023-09-02 16:30:52,771 创建引擎成功
2023-09-02 16:30:53,406 插入数据库成功
2023-09-02 16:30:53,406 插入数据库成功
2023-09-02 16:30:53,406 插入数据库成功
2023-09-02 16:30:53,406 插入数据库成功
2023-09-02 16:30:53,406 插入数据库成功
2023-09-02 16:30:53,406 插入数据库成功
2023-09-02 16:30:53,406 插入数据库成功
2023-09-02 16:30:53,406 插入数据库成功
2023-09-02 16:30:53,406 插入数据库成功
2023-09-02 16:30:53,406 插入数据库成功
2023-09-02 16:30:53,406 插入数据库成功
2023-09-02 16:30:53,406 插入数据库成功
2023-09-02 16:30:53,406 插入数据库成功
2023-09-02 16:30:53,406 插入数据库成功
2023-09-02 16:30:53,406 插入数据库成功
2023-09-02 16:30:53,406 插入数据库成功
2023-09-02 16:30:53,406 插入数据库成功
2023-09-02 16:30:53,406 插入数据库成功
2023-09-02 16:30:53,406 插入数据库成功
2023-09-02 16:30:53,406 插入数据库成功
2023-09-02 17:53:30,196 创建引擎成功
2023-09-02 17:53:30,951 插入数据库成功
2023-09-02 17:54:31,500 创建引擎成功
2023-09-02 17:54:32,240 插入数据库成功
