2023-12-09 11:35:26,614 创建引擎成功
2023-12-09 11:35:26,615 创建引擎成功
2023-12-09 11:36:33,973 创建引擎成功
2023-12-09 11:36:33,973 创建引擎成功
2023-12-09 11:36:34,834      mc_code
0     600062
1     002123
2     603106
3     002148
4     002184
...      ...
7080  605179
7081  600571
7082  605577
7083  600444
7084  002451

[7085 rows x 1 columns]
2023-12-09 11:42:31,323 创建引擎成功
2023-12-09 11:42:31,323 创建引擎成功
2023-12-09 11:42:32,160      mc_code
0     600062
1     002123
2     603106
3     002148
4     002184
...      ...
7080  605179
7081  600571
7082  605577
7083  600444
7084  002451

[7085 rows x 1 columns]
2023-12-09 12:00:06,868 创建引擎成功
2023-12-09 12:00:06,869 创建引擎成功
2023-12-09 12:00:07,659      mc_code
0     600062
1     002123
2     603106
3     002148
4     002184
...      ...
2006  600678
2007  600302
2008  600241
2009  002458
2010  600218

[2011 rows x 1 columns]
2023-12-09 12:07:36,014 创建引擎成功
2023-12-09 12:07:36,015 创建引擎成功
2023-12-09 12:07:36,853      mc_code
0     600062
1     002123
2     603106
3     002148
4     002184
...      ...
2006  600678
2007  600302
2008  600241
2009  002458
2010  600218

[2011 rows x 1 columns]
2023-12-09 12:14:40,870 创建引擎成功
2023-12-09 12:19:06,807 创建引擎成功
2023-12-09 12:22:20,343 创建引擎成功
2023-12-09 12:23:41,989 创建引擎成功
2023-12-09 12:24:44,338 创建引擎成功
2023-12-09 12:28:53,664 创建引擎成功
2023-12-09 12:38:00,059 创建引擎成功
2023-12-09 15:36:10,519 创建引擎成功
2023-12-09 15:36:19,799 创建引擎成功
2023-12-09 15:36:57,779 创建引擎成功
2023-12-09 15:39:03,823 创建引擎成功
2023-12-09 15:39:03,823 创建引擎成功
2023-12-09 15:41:11,709 创建引擎成功
2023-12-09 15:41:11,709 创建引擎成功
2023-12-09 15:41:12,536      mc_code
0     600062
1     002123
2     603106
3     002148
4     002184
...      ...
2006  600678
2007  600302
2008  600241
2009  002458
2010  600218

[2011 rows x 1 columns]
2023-12-09 15:44:50,680 创建引擎成功
2023-12-09 16:04:35,607 创建引擎成功
2023-12-09 16:05:12,609 创建引擎成功
2023-12-09 16:06:02,099 创建引擎成功
2023-12-09 16:06:20,688 创建引擎成功
2023-12-09 16:08:03,804 创建引擎成功
2023-12-09 16:08:08,737 sucess
2023-12-09 16:08:11,432 sucess
2023-12-09 16:08:11,500 sucess
2023-12-09 16:08:14,311 sucess
2023-12-09 16:08:17,207 sucess
2023-12-09 16:08:20,005 sucess
2023-12-09 16:08:22,773 sucess
2023-12-09 16:08:25,545 sucess
2023-12-09 16:08:28,353 sucess
2023-12-09 16:08:31,070 sucess
2023-12-09 16:08:33,983 sucess
2023-12-09 16:08:36,874 创建引擎成功
2023-12-09 16:11:29,035 创建引擎成功
2023-12-09 16:13:22,306 创建引擎成功
2023-12-09 16:15:25,379 创建引擎成功
2023-12-09 16:15:48,394 创建引擎成功
2023-12-09 16:18:45,187 创建引擎成功
2023-12-09 16:18:53,709 sucess
2023-12-09 16:18:57,495 sucess
2023-12-09 16:19:01,244 sucess
2023-12-09 16:19:05,165 sucess
2023-12-09 16:19:09,331 sucess
2023-12-09 16:19:14,671 sucess
2023-12-09 16:19:18,915 sucess
2023-12-09 16:19:24,667 sucess
2023-12-09 16:19:28,767 sucess
2023-12-09 16:19:34,252 sucess
2023-12-09 16:19:38,917 sucess
2023-12-09 16:19:44,502 sucess
2023-12-09 16:19:50,352 sucess
2023-12-09 16:19:55,659 sucess
2023-12-09 16:20:01,400 sucess
2023-12-09 16:20:07,100 sucess
2023-12-09 16:20:13,030 sucess
2023-12-09 16:20:19,692 sucess
2023-12-09 16:20:26,326 sucess
2023-12-09 16:20:33,050 sucess
2023-12-09 16:20:39,770 sucess
2023-12-09 16:20:48,950 sucess
2023-12-09 16:20:56,298 sucess
2023-12-09 16:21:02,061 sucess
2023-12-09 16:21:08,550 sucess
2023-12-09 16:21:13,056 sucess
2023-12-09 16:21:18,942 sucess
2023-12-09 16:21:24,316 sucess
2023-12-09 16:21:29,914 sucess
2023-12-09 16:21:34,779 sucess
2023-12-09 16:21:38,194 sucess
2023-12-09 16:21:41,751 sucess
2023-12-09 16:21:44,847 sucess
2023-12-09 16:21:48,183 sucess
2023-12-09 16:21:51,484 sucess
2023-12-09 16:21:54,834 sucess
2023-12-09 16:21:58,229 sucess
2023-12-09 16:22:01,283 sucess
2023-12-09 16:22:04,453 sucess
2023-12-09 16:22:07,641 sucess
2023-12-09 16:22:10,834 sucess
2023-12-09 16:22:13,994 sucess
2023-12-09 16:22:17,377 sucess
2023-12-09 16:22:20,729 sucess
2023-12-09 16:22:24,214 sucess
2023-12-09 16:22:27,529 sucess
2023-12-09 16:22:30,878 sucess
2023-12-09 16:22:34,344 sucess
2023-12-09 16:22:37,594 sucess
2023-12-09 16:22:41,209 sucess
2023-12-09 16:22:44,586 sucess
2023-12-09 16:22:47,910 sucess
2023-12-09 16:22:51,639 sucess
2023-12-09 16:22:54,890 sucess
2023-12-09 16:22:58,259 sucess
2023-12-09 16:23:01,679 sucess
2023-12-09 16:23:04,937 sucess
2023-12-09 16:23:08,555 sucess
2023-12-09 16:23:12,085 sucess
2023-12-09 16:23:15,300 sucess
2023-12-09 16:23:18,483 sucess
2023-12-09 16:23:21,794 sucess
2023-12-09 16:23:24,783 sucess
2023-12-09 16:23:28,223 sucess
2023-12-09 16:23:31,345 sucess
2023-12-09 16:23:34,513 sucess
2023-12-09 16:23:37,694 sucess
2023-12-09 16:23:40,740 sucess
2023-12-09 16:23:43,807 sucess
2023-12-09 16:23:46,903 sucess
2023-12-09 16:23:50,073 sucess
2023-12-09 16:23:53,064 sucess
2023-12-09 16:23:56,135 sucess
2023-12-09 16:23:59,197 sucess
2023-12-09 16:24:02,401 sucess
2023-12-09 16:24:05,451 sucess
2023-12-09 16:24:08,582 sucess
2023-12-09 16:24:11,706 sucess
2023-12-09 16:24:14,790 sucess
2023-12-09 16:24:17,948 sucess
2023-12-09 16:24:20,992 sucess
2023-12-09 16:24:24,064 sucess
2023-12-09 16:24:27,116 sucess
2023-12-09 16:24:30,137 sucess
2023-12-09 16:24:33,091 sucess
2023-12-09 16:24:36,279 sucess
2023-12-09 16:24:39,106 sucess
2023-12-09 16:24:42,050 sucess
2023-12-09 16:24:45,089 sucess
2023-12-09 16:24:48,170 sucess
2023-12-09 16:24:51,242 sucess
2023-12-09 16:24:54,295 sucess
2023-12-09 16:24:57,729 sucess
2023-12-09 16:25:01,044 sucess
2023-12-09 16:25:04,586 sucess
2023-12-09 16:25:07,990 sucess
2023-12-09 16:25:11,476 sucess
2023-12-09 16:25:14,697 sucess
2023-12-09 16:25:17,899 sucess
2023-12-09 16:25:21,290 sucess
2023-12-09 16:25:24,357 sucess
2023-12-09 16:25:27,415 sucess
2023-12-09 16:25:30,284 sucess
2023-12-09 16:25:33,473 sucess
2023-12-09 16:25:36,536 sucess
2023-12-09 16:25:39,613 sucess
2023-12-09 16:25:42,874 sucess
2023-12-09 16:25:45,881 sucess
2023-12-09 16:25:48,999 sucess
2023-12-09 16:25:52,121 sucess
2023-12-09 16:25:55,663 sucess
2023-12-09 16:25:59,562 sucess
2023-12-09 16:26:03,489 sucess
2023-12-09 16:26:07,158 sucess
2023-12-09 16:26:11,101 sucess
2023-12-09 16:26:14,833 sucess
2023-12-09 16:26:18,026 sucess
2023-12-09 16:26:21,227 sucess
2023-12-09 16:26:24,404 sucess
2023-12-09 16:26:27,602 sucess
2023-12-09 16:26:30,804 sucess
2023-12-09 16:26:34,129 sucess
2023-12-09 16:26:37,423 sucess
2023-12-09 16:26:40,513 sucess
2023-12-09 16:26:43,572 sucess
2023-12-09 16:26:46,951 sucess
2023-12-09 16:26:49,711 sucess
2023-12-09 16:26:53,144 sucess
2023-12-09 16:26:55,835 sucess
2023-12-09 16:26:59,110 sucess
2023-12-09 16:27:02,535 sucess
2023-12-09 16:27:06,522 sucess
2023-12-09 16:27:10,377 sucess
2023-12-09 16:27:12,987 sucess
2023-12-09 16:27:16,349 sucess
2023-12-09 16:27:19,481 sucess
2023-12-09 16:27:23,069 sucess
2023-12-09 16:27:26,391 sucess
2023-12-09 16:27:29,799 sucess
2023-12-09 16:27:32,928 sucess
2023-12-09 16:27:36,251 sucess
2023-12-09 16:27:39,376 sucess
2023-12-09 16:27:42,690 sucess
2023-12-09 16:27:45,983 sucess
2023-12-09 16:27:49,866 sucess
2023-12-09 16:27:53,129 sucess
2023-12-09 16:27:56,334 sucess
2023-12-09 16:27:59,754 sucess
2023-12-09 16:28:02,985 sucess
2023-12-09 16:28:06,418 sucess
2023-12-09 16:28:09,809 sucess
2023-12-09 16:28:13,019 sucess
2023-12-09 16:28:16,124 sucess
2023-12-09 16:28:19,460 sucess
2023-12-09 16:28:22,925 sucess
2023-12-09 16:28:27,752 sucess
2023-12-09 16:28:37,462 sucess
2023-12-09 16:28:43,213 sucess
2023-12-09 16:28:48,939 sucess
2023-12-09 16:28:50,883 sucess
2023-12-09 16:28:56,694 sucess
2023-12-09 16:29:03,747 sucess
2023-12-09 16:29:09,218 sucess
2023-12-09 16:29:13,246 sucess
2023-12-09 16:29:20,379 sucess
2023-12-09 16:29:25,932 sucess
2023-12-09 16:29:31,650 sucess
2023-12-09 16:29:37,289 sucess
2023-12-09 16:29:43,186 sucess
2023-12-09 16:29:48,936 sucess
2023-12-09 16:29:54,331 sucess
2023-12-09 16:29:58,188 sucess
2023-12-09 16:30:01,687 sucess
2023-12-09 16:30:14,396 sucess
2023-12-09 16:30:20,248 sucess
2023-12-09 16:30:25,949 sucess
2023-12-09 16:30:30,578 sucess
2023-12-09 16:30:36,266 sucess
2023-12-09 16:30:42,236 sucess
2023-12-09 16:30:50,742 sucess
2023-12-09 16:30:58,118 sucess
2023-12-09 16:31:04,229 sucess
2023-12-09 16:31:08,684 sucess
2023-12-09 16:31:14,526 sucess
2023-12-09 16:31:20,259 sucess
2023-12-09 16:31:25,836 sucess
2023-12-09 16:31:31,096 sucess
2023-12-09 16:31:36,678 sucess
2023-12-09 16:31:41,183 sucess
2023-12-09 16:31:44,266 sucess
2023-12-09 16:31:46,219 sucess
2023-12-09 16:31:49,175 sucess
2023-12-09 16:31:52,195 sucess
2023-12-09 16:31:55,329 sucess
2023-12-09 16:31:58,633 sucess
2023-12-09 16:32:01,936 sucess
2023-12-09 16:32:05,285 sucess
2023-12-09 16:32:08,529 sucess
2023-12-09 16:32:11,309 sucess
2023-12-09 16:32:13,710 sucess
2023-12-09 16:32:16,507 sucess
2023-12-09 16:32:18,956 sucess
2023-12-09 16:32:21,693 sucess
2023-12-09 16:32:25,002 sucess
2023-12-09 16:32:28,296 sucess
2023-12-09 16:32:31,523 sucess
2023-12-09 16:32:34,663 sucess
2023-12-09 16:32:37,991 sucess
2023-12-09 16:32:41,276 sucess
2023-12-09 16:32:44,580 sucess
2023-12-09 16:32:47,865 sucess
2023-12-09 16:32:51,105 sucess
2023-12-09 16:32:54,353 sucess
2023-12-09 16:32:57,633 sucess
2023-12-09 16:33:00,904 sucess
2023-12-09 16:33:04,198 sucess
2023-12-09 16:33:07,457 sucess
2023-12-09 16:33:10,523 sucess
2023-12-09 16:33:13,714 sucess
2023-12-09 16:33:16,933 sucess
2023-12-09 16:33:19,944 sucess
2023-12-09 16:33:23,132 sucess
2023-12-09 16:33:26,493 sucess
2023-12-09 16:33:29,785 sucess
2023-12-09 16:33:33,181 sucess
2023-12-09 16:33:36,477 sucess
2023-12-09 16:33:39,799 sucess
2023-12-09 16:33:42,954 sucess
2023-12-09 16:33:46,263 sucess
2023-12-09 16:33:49,584 sucess
2023-12-09 16:33:52,970 sucess
2023-12-09 16:33:56,385 sucess
2023-12-09 16:33:59,521 sucess
2023-12-09 16:34:02,662 sucess
2023-12-09 16:34:05,939 sucess
2023-12-09 16:34:09,261 sucess
2023-12-09 16:34:12,478 sucess
2023-12-09 16:34:15,742 sucess
2023-12-09 16:34:19,093 sucess
2023-12-09 16:34:22,259 sucess
2023-12-09 16:34:25,351 sucess
2023-12-09 16:34:28,465 sucess
2023-12-09 16:34:31,075 sucess
2023-12-09 16:34:34,239 sucess
2023-12-09 16:34:37,504 sucess
2023-12-09 16:34:40,960 sucess
2023-12-09 16:34:43,387 sucess
2023-12-09 16:34:46,797 sucess
2023-12-09 16:34:50,148 sucess
2023-12-09 16:34:53,366 sucess
2023-12-09 16:34:56,640 sucess
2023-12-09 16:35:00,088 sucess
2023-12-09 16:35:03,334 sucess
2023-12-09 16:35:06,089 sucess
2023-12-09 16:35:09,609 sucess
2023-12-09 16:35:12,817 sucess
2023-12-09 16:35:16,269 sucess
2023-12-09 16:35:19,506 sucess
2023-12-09 16:35:22,772 sucess
2023-12-09 16:35:26,106 sucess
2023-12-09 16:35:29,239 sucess
2023-12-09 16:35:32,612 sucess
2023-12-09 16:35:35,809 sucess
2023-12-09 16:35:39,192 sucess
2023-12-09 16:35:42,276 sucess
2023-12-09 16:35:45,610 sucess
2023-12-09 16:35:48,959 sucess
2023-12-09 16:35:52,194 sucess
2023-12-09 16:35:55,455 sucess
2023-12-09 16:35:58,701 sucess
2023-12-09 16:36:01,917 sucess
2023-12-09 16:36:05,286 sucess
2023-12-09 16:36:08,122 sucess
2023-12-09 16:36:11,005 sucess
2023-12-09 16:36:13,810 sucess
2023-12-09 16:36:16,565 sucess
2023-12-09 16:36:19,420 sucess
2023-12-09 16:36:22,350 sucess
2023-12-09 16:36:25,136 sucess
2023-12-09 16:36:28,282 sucess
2023-12-09 16:36:31,190 sucess
2023-12-09 16:36:34,272 sucess
2023-12-09 16:36:37,210 sucess
2023-12-09 16:36:40,185 sucess
2023-12-09 16:36:42,888 sucess
2023-12-09 16:36:45,607 sucess
2023-12-09 16:36:48,570 sucess
2023-12-09 16:36:51,929 sucess
2023-12-09 16:36:55,231 sucess
2023-12-09 16:36:58,630 sucess
2023-12-09 16:37:01,891 sucess
2023-12-09 16:37:05,320 sucess
2023-12-09 16:37:08,952 sucess
2023-12-09 16:37:12,641 sucess
2023-12-09 16:37:16,206 sucess
2023-12-09 16:37:19,595 sucess
2023-12-09 16:37:22,954 sucess
2023-12-09 16:37:26,487 sucess
2023-12-09 16:37:30,537 sucess
2023-12-09 16:37:36,354 sucess
2023-12-09 16:37:42,188 sucess
2023-12-09 16:37:47,904 sucess
2023-12-09 16:37:53,811 sucess
2023-12-09 16:37:59,660 sucess
2023-12-09 16:38:05,542 sucess
2023-12-09 16:38:11,430 sucess
2023-12-09 16:38:17,190 sucess
2023-12-09 16:38:22,916 sucess
2023-12-09 16:38:28,847 sucess
2023-12-09 16:38:34,361 sucess
2023-12-09 16:38:40,192 sucess
2023-12-09 16:38:45,905 sucess
2023-12-09 16:38:51,667 sucess
2023-12-09 16:38:57,285 sucess
2023-12-09 16:39:03,027 sucess
2023-12-09 16:39:08,735 sucess
2023-12-09 16:39:15,566 sucess
2023-12-09 16:39:22,555 sucess
2023-12-09 16:39:28,066 sucess
2023-12-09 16:39:33,767 sucess
2023-12-09 16:39:39,425 sucess
2023-12-09 16:39:45,121 sucess
2023-12-09 16:39:51,140 sucess
2023-12-09 16:39:56,805 sucess
2023-12-09 16:40:04,558 sucess
2023-12-09 16:40:13,628 sucess
2023-12-09 16:40:19,894 sucess
2023-12-09 16:40:25,825 sucess
2023-12-09 16:40:31,576 sucess
2023-12-09 16:40:37,506 sucess
2023-12-09 16:40:43,929 sucess
2023-12-09 16:40:47,194 sucess
2023-12-09 16:40:50,344 sucess
2023-12-09 16:40:53,603 sucess
2023-12-09 16:40:56,935 sucess
2023-12-09 16:41:00,205 sucess
2023-12-09 16:41:03,458 sucess
2023-12-09 16:41:06,718 sucess
2023-12-09 16:41:09,878 sucess
2023-12-09 16:41:13,030 sucess
2023-12-09 16:41:16,351 sucess
2023-12-09 16:41:19,897 sucess
2023-12-09 16:41:23,355 sucess
2023-12-09 16:41:26,587 sucess
2023-12-09 16:41:29,997 sucess
2023-12-09 16:41:33,190 sucess
2023-12-09 16:41:36,363 sucess
2023-12-09 16:41:39,487 sucess
2023-12-09 16:41:42,797 sucess
2023-12-09 16:41:45,947 sucess
2023-12-09 16:41:49,144 sucess
2023-12-09 16:41:52,439 sucess
2023-12-09 16:41:55,803 sucess
2023-12-09 16:41:59,109 sucess
2023-12-09 16:42:02,477 sucess
2023-12-09 16:42:05,527 sucess
2023-12-09 16:42:08,787 sucess
2023-12-09 16:42:12,122 sucess
2023-12-09 16:42:15,366 sucess
2023-12-09 16:42:18,752 sucess
2023-12-09 16:42:21,951 sucess
2023-12-09 16:42:25,343 sucess
2023-12-09 16:42:28,753 sucess
2023-12-09 16:42:32,028 sucess
2023-12-09 16:42:35,144 sucess
2023-12-09 16:42:38,229 sucess
2023-12-09 16:42:41,439 sucess
2023-12-09 16:42:44,677 sucess
2023-12-09 16:42:47,887 sucess
2023-12-09 16:42:51,220 sucess
2023-12-09 16:42:54,508 sucess
2023-12-09 16:42:58,114 sucess
2023-12-09 16:43:01,319 sucess
2023-12-09 16:43:04,488 sucess
2023-12-09 16:43:07,513 sucess
2023-12-09 16:43:10,829 sucess
2023-12-09 16:43:14,181 sucess
2023-12-09 16:43:17,591 sucess
2023-12-09 16:43:20,706 sucess
2023-12-09 16:43:23,660 sucess
2023-12-09 16:43:26,681 sucess
2023-12-09 16:43:29,758 sucess
2023-12-09 16:43:32,557 sucess
2023-12-09 16:43:35,529 sucess
2023-12-09 16:43:38,599 sucess
2023-12-09 16:43:44,803 sucess
2023-12-09 16:43:51,402 sucess
2023-12-09 16:43:57,256 sucess
2023-12-09 16:44:02,924 sucess
2023-12-09 16:44:08,556 sucess
2023-12-09 16:44:15,616 sucess
2023-12-09 16:44:21,740 sucess
2023-12-09 16:44:27,843 sucess
2023-12-09 16:44:33,706 sucess
2023-12-09 16:44:39,733 sucess
2023-12-09 16:44:45,747 sucess
2023-12-09 16:44:52,482 sucess
2023-12-09 16:44:58,167 sucess
2023-12-09 16:45:04,250 sucess
2023-12-09 16:45:10,049 sucess
2023-12-09 16:45:15,831 sucess
2023-12-09 16:45:21,361 sucess
2023-12-09 16:45:28,433 sucess
2023-12-09 16:45:34,211 sucess
2023-12-09 16:45:39,969 sucess
2023-12-09 16:45:45,867 sucess
2023-12-09 16:45:51,690 sucess
2023-12-09 16:45:57,382 sucess
2023-12-09 16:46:03,140 sucess
2023-12-09 16:46:08,512 sucess
2023-12-09 16:46:13,370 sucess
2023-12-09 16:46:16,517 sucess
2023-12-09 16:46:19,685 sucess
2023-12-09 16:46:22,837 sucess
2023-12-09 16:46:26,142 sucess
2023-12-09 16:46:29,486 sucess
2023-12-09 16:46:32,911 sucess
2023-12-09 16:46:36,200 sucess
2023-12-09 16:46:39,877 sucess
2023-12-09 16:46:43,161 sucess
2023-12-09 16:46:46,497 sucess
2023-12-09 16:46:49,757 sucess
2023-12-09 16:46:52,832 sucess
2023-12-09 16:46:56,030 sucess
2023-12-09 16:46:59,289 sucess
2023-12-09 16:47:02,585 sucess
2023-12-09 16:47:05,875 sucess
2023-12-09 16:47:09,063 sucess
2023-12-09 16:47:12,117 sucess
2023-12-09 16:47:15,352 sucess
2023-12-09 16:47:18,617 sucess
2023-12-09 16:47:21,817 sucess
2023-12-09 16:47:25,243 sucess
2023-12-09 16:47:28,491 sucess
2023-12-09 16:47:31,783 sucess
2023-12-09 16:47:35,118 sucess
2023-12-09 16:47:38,470 sucess
2023-12-09 16:47:41,704 sucess
2023-12-09 16:47:45,100 sucess
2023-12-09 16:47:48,370 sucess
2023-12-09 16:47:51,505 sucess
2023-12-09 16:47:54,732 sucess
2023-12-09 16:47:57,852 sucess
2023-12-09 16:48:01,039 sucess
2023-12-09 16:48:04,586 sucess
2023-12-09 16:48:08,005 sucess
2023-12-09 16:48:11,519 sucess
2023-12-09 16:48:14,946 sucess
2023-12-09 16:48:18,233 sucess
2023-12-09 16:48:21,450 sucess
2023-12-09 16:48:24,589 sucess
2023-12-09 16:48:27,914 sucess
2023-12-09 16:48:31,247 sucess
2023-12-09 16:48:34,461 sucess
2023-12-09 16:48:37,728 sucess
2023-12-09 16:48:41,001 sucess
2023-12-09 16:48:44,269 sucess
2023-12-09 16:48:47,467 sucess
2023-12-09 16:48:51,153 sucess
2023-12-09 16:48:54,373 sucess
2023-12-09 16:48:57,742 sucess
2023-12-09 16:49:01,033 sucess
2023-12-09 16:49:04,226 sucess
2023-12-09 16:49:07,560 sucess
2023-12-09 16:49:10,757 sucess
2023-12-09 16:49:13,970 sucess
2023-12-09 16:49:17,280 sucess
2023-12-09 16:49:20,584 sucess
2023-12-09 16:49:23,894 sucess
2023-12-09 16:49:27,161 sucess
2023-12-09 16:49:30,406 sucess
2023-12-09 16:49:33,660 sucess
2023-12-09 16:49:37,030 sucess
2023-12-09 16:49:40,263 sucess
2023-12-09 16:49:43,567 sucess
2023-12-09 16:49:46,886 sucess
2023-12-09 16:49:50,105 sucess
2023-12-09 16:49:53,380 sucess
2023-12-09 16:49:56,475 sucess
2023-12-09 16:49:59,858 sucess
2023-12-09 16:50:03,233 sucess
2023-12-09 16:50:06,482 sucess
2023-12-09 16:50:09,853 sucess
2023-12-09 16:50:13,102 sucess
2023-12-09 16:50:16,387 sucess
2023-12-09 16:50:19,596 sucess
2023-12-09 16:50:22,993 sucess
2023-12-09 16:50:26,341 sucess
2023-12-09 16:50:29,481 sucess
2023-12-09 16:50:32,822 sucess
2023-12-09 16:50:36,180 sucess
2023-12-09 16:50:39,426 sucess
2023-12-09 16:50:42,748 sucess
2023-12-09 16:50:46,026 sucess
2023-12-09 16:50:49,421 sucess
2023-12-09 16:50:52,808 sucess
2023-12-09 16:50:56,250 sucess
2023-12-09 16:50:59,601 sucess
2023-12-09 16:51:03,098 sucess
2023-12-09 16:51:06,621 sucess
2023-12-09 16:51:10,138 sucess
2023-12-09 16:51:13,815 sucess
2023-12-09 16:51:17,429 sucess
2023-12-09 16:51:21,252 sucess
2023-12-09 16:51:27,289 sucess
2023-12-09 16:51:33,461 sucess
2023-12-09 16:51:39,959 sucess
2023-12-09 16:51:47,814 sucess
2023-12-09 16:51:53,603 sucess
2023-12-09 16:51:59,502 sucess
2023-12-09 16:52:05,535 sucess
2023-12-09 16:52:12,404 sucess
2023-12-09 16:52:18,480 sucess
2023-12-09 16:52:24,854 sucess
2023-12-09 16:52:32,091 sucess
2023-12-09 16:52:41,550 sucess
2023-12-09 16:52:52,096 sucess
2023-12-09 16:52:58,748 sucess
2023-12-09 16:53:04,927 sucess
2023-12-09 16:53:10,824 sucess
2023-12-09 16:53:18,026 sucess
2023-12-09 16:53:26,321 sucess
2023-12-09 16:53:34,855 sucess
2023-12-09 16:53:41,731 sucess
2023-12-09 16:53:48,855 sucess
2023-12-09 16:53:55,368 sucess
2023-12-09 16:54:03,175 sucess
2023-12-09 16:54:09,390 sucess
2023-12-09 16:54:15,091 sucess
2023-12-09 16:54:18,420 sucess
2023-12-09 16:54:21,832 sucess
2023-12-09 16:54:25,354 sucess
2023-12-09 16:54:28,712 sucess
2023-12-09 16:54:31,862 sucess
2023-12-09 16:54:35,141 sucess
2023-12-09 16:54:38,469 sucess
2023-12-09 16:54:41,773 sucess
2023-12-09 16:54:45,011 sucess
2023-12-09 16:54:48,244 sucess
2023-12-09 16:54:51,640 sucess
2023-12-09 16:54:55,236 sucess
2023-12-09 16:54:59,435 sucess
2023-12-09 16:55:03,342 sucess
2023-12-09 16:55:07,522 sucess
2023-12-09 16:55:10,703 sucess
2023-12-09 16:55:14,033 sucess
2023-12-09 16:55:17,370 sucess
2023-12-09 16:55:20,715 sucess
2023-12-09 16:55:23,997 sucess
2023-12-09 16:55:27,428 sucess
2023-12-09 16:55:30,769 sucess
2023-12-09 16:55:33,855 sucess
2023-12-09 16:55:37,396 sucess
2023-12-09 16:55:40,655 sucess
2023-12-09 16:55:43,874 sucess
2023-12-09 16:55:47,197 sucess
2023-12-09 16:55:50,608 sucess
2023-12-09 16:55:53,904 sucess
2023-12-09 16:55:57,251 sucess
2023-12-09 16:56:00,645 sucess
2023-12-09 16:56:03,915 sucess
2023-12-09 16:56:07,229 sucess
2023-12-09 16:56:10,611 sucess
2023-12-09 16:56:13,901 sucess
2023-12-09 16:56:17,271 sucess
2023-12-09 16:56:20,471 sucess
2023-12-09 16:56:21,889 sucess
2023-12-09 16:56:25,017 sucess
2023-12-09 16:56:28,212 sucess
2023-12-09 16:56:31,476 sucess
2023-12-09 16:56:34,652 sucess
2023-12-09 16:56:37,974 sucess
2023-12-09 16:56:41,230 sucess
2023-12-09 16:56:44,542 sucess
2023-12-09 16:56:47,874 sucess
2023-12-09 16:56:51,137 sucess
2023-12-09 16:56:54,625 sucess
2023-12-09 16:56:57,969 sucess
2023-12-09 16:57:01,499 sucess
2023-12-09 16:57:04,758 sucess
2023-12-09 16:57:07,884 sucess
2023-12-09 16:57:11,708 sucess
2023-12-09 16:57:15,105 sucess
2023-12-09 16:57:19,130 sucess
2023-12-09 16:57:22,851 sucess
2023-12-09 16:57:26,117 sucess
2023-12-09 16:57:29,499 sucess
2023-12-09 16:57:32,871 sucess
2023-12-09 16:57:36,219 sucess
2023-12-09 16:57:39,627 sucess
2023-12-09 16:57:42,865 sucess
2023-12-09 16:57:46,245 sucess
2023-12-09 16:57:49,610 sucess
2023-12-09 16:57:52,871 sucess
2023-12-09 16:57:56,395 sucess
2023-12-09 16:57:59,884 sucess
2023-12-09 16:58:03,270 sucess
2023-12-09 16:58:06,480 sucess
2023-12-09 16:58:09,605 sucess
2023-12-09 16:58:13,001 sucess
2023-12-09 16:58:16,312 sucess
2023-12-09 16:58:19,700 sucess
2023-12-09 16:58:22,929 sucess
2023-12-09 16:58:26,384 sucess
2023-12-09 16:58:29,556 sucess
2023-12-09 16:58:32,621 sucess
2023-12-09 16:58:35,870 sucess
2023-12-09 16:58:39,627 sucess
2023-12-09 16:58:42,865 sucess
2023-12-09 16:58:45,980 sucess
2023-12-09 16:58:49,428 sucess
2023-12-09 16:58:52,898 sucess
2023-12-09 16:58:56,080 sucess
2023-12-09 16:58:59,328 sucess
2023-12-09 16:59:02,732 sucess
2023-12-09 16:59:06,224 sucess
2023-12-09 16:59:09,439 sucess
2023-12-09 16:59:12,520 sucess
2023-12-09 16:59:15,801 sucess
2023-12-09 16:59:19,171 sucess
2023-12-09 16:59:22,538 sucess
2023-12-09 16:59:25,674 sucess
2023-12-09 16:59:28,840 sucess
2023-12-09 16:59:32,194 sucess
2023-12-09 16:59:35,579 sucess
2023-12-09 16:59:39,042 sucess
2023-12-09 16:59:42,372 sucess
2023-12-09 16:59:47,600 sucess
2023-12-09 16:59:53,927 sucess
2023-12-09 17:00:00,231 sucess
2023-12-09 17:00:10,312 sucess
2023-12-09 17:00:17,607 sucess
2023-12-09 17:00:27,626 sucess
2023-12-09 17:00:33,241 sucess
2023-12-09 17:00:38,933 sucess
2023-12-09 17:00:44,623 sucess
2023-12-09 17:00:50,377 sucess
2023-12-09 17:00:56,239 sucess
2023-12-09 17:01:02,098 sucess
2023-12-09 17:01:10,220 sucess
2023-12-09 17:01:17,134 sucess
2023-12-09 17:01:24,881 sucess
2023-12-09 17:01:31,583 sucess
2023-12-09 17:01:37,145 sucess
2023-12-09 17:01:43,019 sucess
2023-12-09 17:01:48,549 sucess
2023-12-09 17:01:54,790 sucess
2023-12-09 17:02:01,076 sucess
2023-12-09 17:02:07,285 sucess
2023-12-09 17:02:13,244 sucess
2023-12-09 17:02:19,798 sucess
2023-12-09 17:02:25,594 sucess
2023-12-09 17:02:31,234 sucess
2023-12-09 17:02:37,428 sucess
2023-12-09 17:02:42,750 sucess
2023-12-09 17:02:48,669 sucess
2023-12-09 17:02:55,448 sucess
2023-12-09 17:03:02,840 sucess
2023-12-09 17:03:11,708 sucess
2023-12-09 17:03:15,406 sucess
2023-12-09 17:03:18,787 sucess
2023-12-09 17:03:22,073 sucess
2023-12-09 17:03:25,464 sucess
2023-12-09 17:03:28,528 sucess
2023-12-09 17:03:31,669 sucess
2023-12-09 17:03:34,935 sucess
2023-12-09 17:03:38,094 sucess
2023-12-09 17:03:41,277 sucess
2023-12-09 17:03:44,549 sucess
2023-12-09 17:03:47,700 sucess
2023-12-09 17:03:50,728 sucess
2023-12-09 17:03:53,878 sucess
2023-12-09 17:03:57,139 sucess
2023-12-09 17:04:00,357 sucess
2023-12-09 17:04:03,671 sucess
2023-12-09 17:04:06,889 sucess
2023-12-09 17:04:10,257 sucess
2023-12-09 17:04:13,547 sucess
2023-12-09 17:04:16,809 sucess
2023-12-09 17:04:19,998 sucess
2023-12-09 17:04:23,231 sucess
2023-12-09 17:04:26,596 sucess
2023-12-09 17:04:29,737 sucess
2023-12-09 17:04:33,139 sucess
2023-12-09 17:04:36,398 sucess
2023-12-09 17:04:39,610 sucess
2023-12-09 17:04:42,173 sucess
2023-12-09 17:04:45,524 sucess
2023-12-09 17:04:48,818 sucess
2023-12-09 17:04:52,112 sucess
2023-12-09 17:04:55,502 sucess
2023-12-09 17:04:58,652 sucess
2023-12-09 17:05:01,856 sucess
2023-12-09 17:05:05,178 sucess
2023-12-09 17:05:08,343 sucess
2023-12-09 17:05:11,682 sucess
2023-12-09 17:05:15,236 sucess
2023-12-09 17:05:18,493 sucess
2023-12-09 17:05:21,594 sucess
2023-12-09 17:05:24,369 sucess
2023-12-09 17:05:27,159 sucess
2023-12-09 17:05:29,838 sucess
2023-12-09 17:05:32,609 sucess
2023-12-09 17:05:35,596 sucess
2023-12-09 17:05:38,383 sucess
2023-12-09 17:05:41,269 sucess
2023-12-09 17:05:44,054 sucess
2023-12-09 17:05:46,962 sucess
2023-12-09 17:05:49,932 sucess
2023-12-09 17:05:52,739 sucess
2023-12-09 17:05:55,668 sucess
2023-12-09 17:05:58,509 sucess
2023-12-09 17:06:01,293 sucess
2023-12-09 17:06:03,963 sucess
2023-12-09 17:06:06,753 sucess
2023-12-09 17:06:09,668 sucess
2023-12-09 17:06:12,535 sucess
2023-12-09 17:06:15,252 sucess
2023-12-09 17:06:18,147 sucess
2023-12-09 17:06:21,348 sucess
2023-12-09 17:06:24,524 sucess
2023-12-09 17:06:27,876 sucess
2023-12-09 17:06:31,249 sucess
2023-12-09 17:06:34,528 sucess
2023-12-09 17:06:37,908 sucess
2023-12-09 17:06:41,167 sucess
2023-12-09 17:06:44,687 sucess
2023-12-09 17:06:47,454 sucess
2023-12-09 17:06:50,110 sucess
2023-12-09 17:06:52,833 sucess
2023-12-09 17:06:55,747 sucess
2023-12-09 17:06:58,477 sucess
2023-12-09 17:07:01,205 sucess
2023-12-09 17:07:04,088 sucess
2023-12-09 17:07:06,784 sucess
2023-12-09 17:07:09,475 sucess
2023-12-09 17:07:12,770 sucess
2023-12-09 17:07:15,907 sucess
2023-12-09 17:07:19,060 sucess
2023-12-09 17:07:22,363 sucess
2023-12-09 17:07:25,410 sucess
2023-12-09 17:07:28,529 sucess
2023-12-09 17:07:31,817 sucess
2023-12-09 17:07:35,159 sucess
2023-12-09 17:07:38,472 sucess
2023-12-09 17:07:41,928 sucess
2023-12-09 17:07:45,200 sucess
2023-12-09 17:07:48,529 sucess
2023-12-09 17:07:51,832 sucess
2023-12-09 17:07:55,074 sucess
2023-12-09 17:07:58,463 sucess
2023-12-09 17:08:01,265 sucess
2023-12-09 17:08:04,051 sucess
2023-12-09 17:08:06,846 sucess
2023-12-09 17:08:09,682 sucess
2023-12-09 17:08:12,607 sucess
2023-12-09 17:08:15,284 sucess
2023-12-09 17:08:18,398 sucess
2023-12-09 17:08:24,470 sucess
2023-12-09 17:08:30,582 sucess
2023-12-09 17:08:36,707 sucess
2023-12-09 17:08:42,221 sucess
2023-12-09 17:08:48,012 sucess
2023-12-09 17:08:53,841 sucess
2023-12-09 17:08:59,798 sucess
2023-12-09 17:09:05,418 sucess
2023-12-09 17:09:11,327 sucess
2023-12-09 17:09:17,175 sucess
2023-12-09 17:09:24,437 sucess
2023-12-09 17:09:30,923 sucess
2023-12-09 17:09:36,566 sucess
2023-12-09 17:09:42,063 sucess
2023-12-09 17:09:47,945 sucess
2023-12-09 17:09:53,790 sucess
2023-12-09 17:09:59,751 sucess
2023-12-09 17:10:05,719 sucess
2023-12-09 17:10:11,519 sucess
2023-12-09 17:10:17,564 sucess
2023-12-09 17:10:23,200 sucess
2023-12-09 17:10:29,634 sucess
2023-12-09 17:10:35,226 sucess
2023-12-09 17:10:40,966 sucess
2023-12-09 17:10:46,463 sucess
2023-12-09 17:10:52,076 sucess
2023-12-09 17:10:57,896 sucess
2023-12-09 17:11:03,617 sucess
2023-12-09 17:11:09,258 sucess
2023-12-09 17:11:13,760 sucess
2023-12-09 17:11:16,938 sucess
2023-12-09 17:11:20,113 sucess
2023-12-09 17:11:23,474 sucess
2023-12-09 17:11:26,650 sucess
2023-12-09 17:11:29,867 sucess
2023-12-09 17:11:33,008 sucess
2023-12-09 17:11:36,199 sucess
2023-12-09 17:11:39,316 sucess
2023-12-09 17:11:42,594 sucess
2023-12-09 17:11:45,953 sucess
2023-12-09 17:11:49,420 sucess
2023-12-09 17:11:52,554 sucess
2023-12-09 17:11:55,602 sucess
2023-12-09 17:11:58,595 sucess
2023-12-09 17:12:01,653 sucess
2023-12-09 17:12:04,715 sucess
2023-12-09 17:12:07,955 sucess
2023-12-09 17:12:11,061 sucess
2023-12-09 17:12:14,254 sucess
2023-12-09 17:12:17,527 sucess
2023-12-09 17:12:20,539 sucess
2023-12-09 17:12:23,632 sucess
2023-12-09 17:12:26,803 sucess
2023-12-09 17:12:30,438 sucess
2023-12-09 17:12:34,067 sucess
2023-12-09 17:12:37,336 sucess
2023-12-09 17:12:40,588 sucess
2023-12-09 17:12:43,805 sucess
2023-12-09 17:12:47,127 sucess
2023-12-09 17:12:50,381 sucess
2023-12-09 17:12:53,426 sucess
2023-12-09 17:12:56,548 sucess
2023-12-09 17:13:00,234 sucess
2023-12-09 17:13:03,869 sucess
2023-12-09 17:13:07,192 sucess
2023-12-09 17:13:10,561 sucess
2023-12-09 17:13:13,763 sucess
2023-12-09 17:13:16,868 sucess
2023-12-09 17:13:20,066 sucess
2023-12-09 17:13:23,280 sucess
2023-12-09 17:13:26,364 sucess
2023-12-09 17:13:29,574 sucess
2023-12-09 17:13:33,002 sucess
2023-12-09 17:13:36,289 sucess
2023-12-09 17:13:39,756 sucess
2023-12-09 17:13:42,828 sucess
2023-12-09 17:13:45,879 sucess
2023-12-09 17:13:48,992 sucess
2023-12-09 17:13:52,042 sucess
2023-12-09 17:13:55,242 sucess
2023-12-09 17:13:58,801 sucess
2023-12-09 17:14:02,092 sucess
2023-12-09 17:14:05,195 sucess
2023-12-09 17:14:08,537 sucess
2023-12-09 17:14:11,448 sucess
2023-12-09 17:14:14,184 sucess
2023-12-09 17:14:16,995 sucess
2023-12-09 17:14:19,824 sucess
2023-12-09 17:14:22,703 sucess
2023-12-09 17:14:25,072 sucess
2023-12-09 17:14:26,511 sucess
2023-12-09 17:14:29,163 sucess
2023-12-09 17:14:31,078 sucess
2023-12-09 17:14:34,077 sucess
2023-12-09 17:14:37,280 sucess
2023-12-09 17:14:40,543 sucess
2023-12-09 17:14:43,773 sucess
2023-12-09 17:14:46,972 sucess
2023-12-09 17:14:50,208 sucess
2023-12-09 17:14:53,413 sucess
2023-12-09 17:14:56,774 sucess
2023-12-09 17:15:00,096 sucess
2023-12-09 17:15:02,716 sucess
2023-12-09 17:15:05,780 sucess
2023-12-09 17:15:08,610 sucess
2023-12-09 17:15:11,808 sucess
2023-12-09 17:15:15,060 sucess
2023-12-09 17:15:17,707 sucess
2023-12-09 17:15:20,315 sucess
2023-12-09 17:15:23,030 sucess
2023-12-09 17:15:25,644 sucess
2023-12-09 17:15:27,137 sucess
2023-12-09 17:15:28,979 sucess
2023-12-09 17:15:31,608 sucess
2023-12-09 17:15:34,286 sucess
2023-12-09 17:15:36,933 sucess
2023-12-09 17:15:39,090 sucess
2023-12-09 17:15:41,772 sucess
2023-12-09 17:15:44,480 sucess
2023-12-09 17:15:46,361 sucess
2023-12-09 17:15:48,476 sucess
2023-12-09 17:15:50,427 sucess
2023-12-09 17:15:52,629 sucess
2023-12-09 17:15:53,975 sucess
2023-12-09 17:15:55,826 sucess
2023-12-09 17:15:58,465 sucess
2023-12-09 17:16:01,403 sucess
2023-12-09 17:16:04,193 sucess
2023-12-09 17:16:06,785 sucess
2023-12-09 17:16:09,589 sucess
2023-12-09 17:16:12,198 sucess
2023-12-09 17:16:14,918 sucess
2023-12-09 17:16:17,604 sucess
2023-12-09 17:16:20,368 sucess
2023-12-09 17:16:23,148 sucess
2023-12-09 17:16:25,896 sucess
2023-12-09 17:16:28,528 sucess
2023-12-09 17:16:31,315 sucess
2023-12-09 17:16:33,958 sucess
2023-12-09 17:16:36,629 sucess
2023-12-09 17:16:39,380 sucess
2023-12-09 17:16:42,165 sucess
2023-12-09 17:16:44,868 sucess
2023-12-09 17:16:47,599 sucess
2023-12-09 17:16:50,308 sucess
2023-12-09 17:16:53,221 sucess
2023-12-09 17:16:55,911 sucess
2023-12-09 17:16:58,633 sucess
2023-12-09 17:17:01,396 sucess
2023-12-09 17:17:04,211 sucess
2023-12-09 17:17:06,953 sucess
2023-12-09 17:17:09,586 sucess
2023-12-09 17:17:12,274 sucess
2023-12-09 17:17:15,032 sucess
2023-12-09 17:17:17,993 sucess
2023-12-09 17:17:20,730 sucess
2023-12-09 17:17:23,472 sucess
2023-12-09 17:17:26,336 sucess
2023-12-09 17:17:29,006 sucess
2023-12-09 17:17:31,929 sucess
2023-12-09 17:17:34,958 sucess
2023-12-09 17:17:37,651 sucess
2023-12-09 17:17:40,491 sucess
2023-12-09 17:17:43,146 sucess
2023-12-09 17:17:45,715 sucess
2023-12-09 17:17:48,542 sucess
2023-12-09 17:17:51,297 sucess
2023-12-09 17:17:53,999 sucess
2023-12-09 17:17:56,875 sucess
2023-12-09 17:17:59,568 sucess
2023-12-09 17:18:02,296 sucess
2023-12-09 17:18:05,060 sucess
2023-12-09 17:18:07,749 sucess
2023-12-09 17:18:10,292 sucess
2023-12-09 17:18:13,089 sucess
2023-12-09 17:18:15,791 sucess
2023-12-09 17:18:18,411 sucess
2023-12-09 17:18:21,257 sucess
2023-12-09 17:18:23,927 sucess
2023-12-09 17:18:26,609 sucess
2023-12-09 17:18:29,267 sucess
2023-12-09 17:18:31,820 sucess
2023-12-09 17:18:34,464 sucess
2023-12-09 17:18:37,132 sucess
2023-12-09 17:18:39,760 sucess
2023-12-09 17:18:42,280 sucess
2023-12-09 17:18:44,923 sucess
2023-12-09 17:18:47,621 sucess
2023-12-09 17:18:50,315 sucess
2023-12-09 17:18:53,059 sucess
2023-12-09 17:18:55,597 sucess
2023-12-09 17:18:58,305 sucess
2023-12-09 17:19:01,012 sucess
2023-12-09 17:19:03,605 sucess
2023-12-09 17:19:06,346 sucess
2023-12-09 17:19:08,974 sucess
2023-12-09 17:19:11,707 sucess
2023-12-09 17:19:14,476 sucess
2023-12-09 17:19:17,327 sucess
2023-12-09 17:19:20,004 sucess
2023-12-09 17:19:22,940 sucess
2023-12-09 17:19:25,737 sucess
2023-12-09 17:19:28,486 sucess
2023-12-09 17:19:31,237 sucess
2023-12-09 17:19:33,838 sucess
2023-12-09 17:19:36,548 sucess
2023-12-09 17:19:39,326 sucess
2023-12-09 17:19:42,078 sucess
2023-12-09 17:19:44,891 sucess
2023-12-09 17:19:47,598 sucess
2023-12-09 17:19:50,249 sucess
2023-12-09 17:19:52,927 sucess
2023-12-09 17:19:55,892 sucess
2023-12-09 17:19:58,950 sucess
2023-12-09 17:20:02,162 sucess
2023-12-09 17:20:05,404 sucess
2023-12-09 17:20:08,868 sucess
2023-12-09 17:20:12,194 sucess
2023-12-09 17:20:15,329 sucess
2023-12-09 17:20:18,648 sucess
2023-12-09 17:20:22,018 sucess
2023-12-09 17:20:25,310 sucess
2023-12-09 17:20:28,586 sucess
2023-12-09 17:20:31,947 sucess
2023-12-09 17:20:35,138 sucess
2023-12-09 17:20:38,267 sucess
2023-12-09 17:20:41,471 sucess
2023-12-09 17:20:44,698 sucess
2023-12-09 17:20:47,959 sucess
2023-12-09 17:20:51,104 sucess
2023-12-09 17:20:54,443 sucess
2023-12-09 17:20:57,601 sucess
2023-12-09 17:21:00,765 sucess
2023-12-09 17:21:03,995 sucess
2023-12-09 17:21:07,183 sucess
2023-12-09 17:21:10,278 sucess
2023-12-09 17:21:13,491 sucess
2023-12-09 17:21:16,558 sucess
2023-12-09 17:21:19,789 sucess
2023-12-09 17:21:23,044 sucess
2023-12-09 17:21:26,246 sucess
2023-12-09 17:21:29,483 sucess
2023-12-09 17:21:32,838 sucess
2023-12-09 17:21:36,044 sucess
2023-12-09 17:21:39,237 sucess
2023-12-09 17:21:42,338 sucess
2023-12-09 17:21:45,449 sucess
2023-12-09 17:21:48,776 sucess
2023-12-09 17:21:51,918 sucess
2023-12-09 17:21:55,309 sucess
2023-12-09 17:21:58,556 sucess
2023-12-09 17:22:01,698 sucess
2023-12-09 17:22:04,982 sucess
2023-12-09 17:22:08,148 sucess
2023-12-09 17:22:11,405 sucess
2023-12-09 17:22:14,638 sucess
2023-12-09 17:22:17,935 sucess
2023-12-09 17:22:21,172 sucess
2023-12-09 17:22:24,301 sucess
2023-12-09 17:22:27,607 sucess
2023-12-09 17:22:30,721 sucess
2023-12-09 17:22:33,941 sucess
2023-12-09 17:22:37,211 sucess
2023-12-09 17:22:40,462 sucess
2023-12-09 17:22:43,682 sucess
2023-12-09 17:22:46,813 sucess
2023-12-09 17:22:50,012 sucess
2023-12-09 17:22:53,111 sucess
2023-12-09 17:22:56,195 sucess
2023-12-09 17:22:59,376 sucess
2023-12-09 17:23:02,676 sucess
2023-12-09 17:23:05,727 sucess
2023-12-09 17:23:08,684 sucess
2023-12-09 17:23:12,014 sucess
2023-12-09 17:23:15,428 sucess
2023-12-09 17:23:18,558 sucess
2023-12-09 17:23:21,760 sucess
2023-12-09 17:23:24,805 sucess
2023-12-09 17:23:28,298 sucess
2023-12-09 17:23:31,229 sucess
2023-12-09 17:23:34,234 sucess
2023-12-09 17:23:37,556 sucess
2023-12-09 17:23:40,765 sucess
2023-12-09 17:23:44,845 sucess
2023-12-09 17:23:49,850 sucess
2023-12-09 17:23:55,413 sucess
2023-12-09 17:23:59,265 sucess
2023-12-09 17:24:04,050 sucess
2023-12-09 17:24:08,804 sucess
2023-12-09 17:24:14,260 sucess
2023-12-09 17:24:19,679 sucess
2023-12-09 17:24:25,025 sucess
2023-12-09 17:24:30,032 sucess
2023-12-09 17:24:34,581 sucess
2023-12-09 17:24:39,212 sucess
2023-12-09 17:24:44,172 sucess
2023-12-09 17:24:48,553 sucess
2023-12-09 17:24:52,692 sucess
2023-12-09 17:24:57,085 sucess
2023-12-09 17:25:02,226 sucess
2023-12-09 17:25:06,883 sucess
2023-12-09 17:25:11,474 sucess
2023-12-09 17:25:15,989 sucess
2023-12-09 17:25:21,446 sucess
2023-12-09 17:25:26,526 sucess
2023-12-09 17:25:31,825 sucess
2023-12-09 17:25:37,342 sucess
2023-12-09 17:25:42,844 sucess
2023-12-09 17:25:48,433 sucess
2023-12-09 17:25:52,684 sucess
2023-12-09 17:25:58,355 sucess
2023-12-09 17:26:03,943 sucess
2023-12-09 17:26:09,248 sucess
2023-12-09 17:26:14,860 sucess
2023-12-09 17:26:21,125 sucess
2023-12-09 17:26:26,378 sucess
2023-12-09 17:26:30,457 sucess
2023-12-09 17:26:34,645 sucess
2023-12-09 17:26:40,054 sucess
2023-12-09 17:26:45,507 sucess
2023-12-09 17:26:48,914 sucess
2023-12-09 17:26:51,961 sucess
2023-12-09 17:26:54,949 sucess
2023-12-09 17:26:57,992 sucess
2023-12-09 17:27:00,955 sucess
2023-12-09 17:27:04,135 sucess
2023-12-09 17:27:07,219 sucess
2023-12-09 17:27:10,294 sucess
2023-12-09 17:27:13,375 sucess
2023-12-09 17:27:16,514 sucess
2023-12-09 17:27:19,665 sucess
2023-12-09 17:27:22,686 sucess
2023-12-09 17:27:25,802 sucess
2023-12-09 17:27:28,877 sucess
2023-12-09 17:27:31,885 sucess
2023-12-09 17:27:34,915 sucess
2023-12-09 17:27:37,918 sucess
2023-12-09 17:27:40,973 sucess
2023-12-09 17:27:44,034 sucess
2023-12-09 17:27:47,047 sucess
2023-12-09 17:27:50,104 sucess
2023-12-09 17:27:53,094 sucess
2023-12-09 17:27:56,322 sucess
2023-12-09 17:27:59,788 sucess
2023-12-09 17:28:02,905 sucess
2023-12-09 17:28:06,048 sucess
2023-12-09 17:28:09,257 sucess
2023-12-09 17:28:12,221 sucess
2023-12-09 17:28:15,392 sucess
2023-12-09 17:28:18,487 sucess
2023-12-09 17:28:21,472 sucess
2023-12-09 17:28:24,542 sucess
2023-12-09 17:28:27,421 sucess
2023-12-09 17:28:30,378 sucess
2023-12-09 17:28:33,390 sucess
2023-12-09 17:28:36,347 sucess
2023-12-09 17:28:39,342 sucess
2023-12-09 17:28:42,402 sucess
2023-12-09 17:28:45,516 sucess
2023-12-09 17:28:48,425 sucess
2023-12-09 17:28:51,542 sucess
2023-12-09 17:28:54,531 sucess
2023-12-09 17:28:57,550 sucess
2023-12-09 17:29:00,745 sucess
2023-12-09 17:29:03,815 sucess
2023-12-09 17:29:06,803 sucess
2023-12-09 17:29:10,312 sucess
2023-12-09 17:29:13,914 sucess
2023-12-09 17:29:16,857 sucess
2023-12-09 17:29:19,748 sucess
2023-12-09 17:29:22,598 sucess
2023-12-09 17:29:25,669 sucess
2023-12-09 17:29:28,547 sucess
2023-12-09 17:29:31,467 sucess
2023-12-09 17:29:34,193 sucess
2023-12-09 17:29:37,117 sucess
2023-12-09 17:29:39,993 sucess
2023-12-09 17:29:42,801 sucess
2023-12-09 17:29:45,684 sucess
2023-12-09 17:29:48,683 sucess
2023-12-09 17:29:51,746 sucess
2023-12-09 17:29:54,561 sucess
2023-12-09 17:29:57,423 sucess
2023-12-09 17:30:00,253 sucess
2023-12-09 17:30:03,400 sucess
2023-12-09 17:30:06,724 sucess
2023-12-09 17:30:09,620 sucess
2023-12-09 17:30:12,610 sucess
2023-12-09 17:30:15,344 sucess
2023-12-09 17:30:18,275 sucess
2023-12-09 17:30:21,182 sucess
2023-12-09 17:30:24,256 sucess
2023-12-09 17:30:27,144 sucess
2023-12-09 17:30:29,996 sucess
2023-12-09 17:30:32,973 sucess
2023-12-09 17:30:35,847 sucess
2023-12-09 17:30:38,663 sucess
2023-12-09 17:30:41,689 sucess
2023-12-09 17:30:44,617 sucess
2023-12-09 17:30:47,687 sucess
2023-12-09 17:30:50,626 sucess
2023-12-09 17:30:53,651 sucess
2023-12-09 17:30:56,609 sucess
2023-12-09 17:30:59,742 sucess
2023-12-09 17:31:02,326 sucess
2023-12-09 17:31:04,921 sucess
2023-12-09 17:31:07,527 sucess
2023-12-09 17:31:10,004 sucess
2023-12-09 17:31:12,377 sucess
2023-12-09 17:31:15,238 sucess
2023-12-09 17:31:18,487 sucess
2023-12-09 17:31:22,008 sucess
2023-12-09 17:31:25,093 sucess
2023-12-09 17:31:28,330 sucess
2023-12-09 17:31:31,750 sucess
2023-12-09 17:31:34,818 sucess
2023-12-09 17:31:37,780 sucess
2023-12-09 17:31:40,728 sucess
2023-12-09 17:31:43,667 sucess
2023-12-09 17:31:46,546 sucess
2023-12-09 17:31:49,454 sucess
2023-12-09 17:31:52,254 sucess
2023-12-09 17:31:55,113 sucess
2023-12-09 17:31:57,937 sucess
2023-12-09 17:32:00,713 sucess
2023-12-09 17:32:03,630 sucess
2023-12-09 17:32:06,497 sucess
2023-12-09 17:32:09,409 sucess
2023-12-09 17:32:12,351 sucess
2023-12-09 17:32:15,226 sucess
2023-12-09 17:32:18,122 sucess
2023-12-09 17:32:21,158 sucess
2023-12-09 17:32:24,033 sucess
2023-12-09 17:32:26,781 sucess
2023-12-09 17:32:29,624 sucess
2023-12-09 17:32:32,534 sucess
2023-12-09 17:32:35,351 sucess
2023-12-09 17:32:38,252 sucess
2023-12-09 17:32:41,286 sucess
2023-12-09 17:32:44,135 sucess
2023-12-09 17:32:46,943 sucess
2023-12-09 17:32:49,867 sucess
2023-12-09 17:32:52,855 sucess
2023-12-09 17:32:55,571 sucess
2023-12-09 17:32:58,523 sucess
2023-12-09 17:33:01,304 sucess
2023-12-09 17:33:04,383 sucess
2023-12-09 17:33:07,567 sucess
2023-12-09 17:33:11,088 sucess
2023-12-09 17:33:14,104 sucess
2023-12-09 17:33:17,110 sucess
2023-12-09 17:33:19,952 sucess
2023-12-09 17:33:23,051 sucess
2023-12-09 17:33:26,013 sucess
2023-12-09 17:33:28,963 sucess
2023-12-09 17:33:31,760 sucess
2023-12-09 17:33:34,551 sucess
2023-12-09 17:33:37,428 sucess
2023-12-09 17:33:40,196 sucess
2023-12-09 17:33:43,116 sucess
2023-12-09 17:33:46,246 sucess
2023-12-09 17:33:49,203 sucess
2023-12-09 17:33:51,916 sucess
2023-12-09 17:33:54,742 sucess
2023-12-09 17:33:57,587 sucess
2023-12-09 17:34:00,332 sucess
2023-12-09 17:34:03,073 sucess
2023-12-09 17:34:05,814 sucess
2023-12-09 17:34:08,558 sucess
2023-12-09 17:34:11,465 sucess
2023-12-09 17:34:14,239 sucess
2023-12-09 17:34:17,096 sucess
2023-12-09 17:34:19,795 sucess
2023-12-09 17:34:22,577 sucess
2023-12-09 17:34:25,410 sucess
2023-12-09 17:34:28,314 sucess
2023-12-09 17:34:31,115 sucess
2023-12-09 17:34:33,859 sucess
2023-12-09 17:34:36,676 sucess
2023-12-09 17:34:39,406 sucess
2023-12-09 17:34:42,015 sucess
2023-12-09 17:34:44,766 sucess
2023-12-09 17:34:47,532 sucess
2023-12-09 17:34:50,279 sucess
2023-12-09 17:34:53,129 sucess
2023-12-09 17:34:55,945 sucess
2023-12-09 17:34:59,037 sucess
2023-12-09 17:35:02,643 sucess
2023-12-09 17:35:05,529 sucess
2023-12-09 17:35:08,363 sucess
2023-12-09 17:35:11,110 sucess
2023-12-09 17:35:13,935 sucess
2023-12-09 17:35:16,932 sucess
2023-12-09 17:35:19,602 sucess
2023-12-09 17:35:22,375 sucess
2023-12-09 17:35:25,445 sucess
2023-12-09 17:35:28,204 sucess
2023-12-09 17:35:30,978 sucess
2023-12-09 17:35:33,824 sucess
2023-12-09 17:35:36,588 sucess
2023-12-09 17:35:39,483 sucess
2023-12-09 17:35:42,308 sucess
2023-12-09 17:35:45,243 sucess
2023-12-09 17:35:48,381 sucess
2023-12-09 17:35:50,955 sucess
2023-12-09 17:35:53,843 sucess
2023-12-09 17:35:56,592 sucess
2023-12-09 17:35:59,333 sucess
2023-12-09 17:36:02,213 sucess
2023-12-09 17:36:05,098 sucess
2023-12-09 17:36:07,941 sucess
2023-12-09 17:36:10,710 sucess
2023-12-09 17:36:13,479 sucess
2023-12-09 17:36:16,340 sucess
2023-12-09 17:36:19,180 sucess
2023-12-09 17:36:22,346 sucess
2023-12-09 17:36:25,234 sucess
2023-12-09 17:36:28,349 sucess
2023-12-09 17:36:31,159 sucess
2023-12-09 17:36:34,108 sucess
2023-12-09 17:36:36,939 sucess
2023-12-09 17:36:39,742 sucess
2023-12-09 17:36:42,612 sucess
2023-12-09 17:36:45,531 sucess
2023-12-09 17:36:48,364 sucess
2023-12-09 17:36:51,276 sucess
2023-12-09 17:36:53,979 sucess
2023-12-09 17:36:56,982 sucess
2023-12-09 17:36:59,833 sucess
2023-12-09 17:37:02,753 sucess
2023-12-09 17:37:05,706 sucess
2023-12-09 17:37:08,602 sucess
2023-12-09 17:37:11,544 sucess
2023-12-09 17:37:14,432 sucess
2023-12-09 17:37:17,392 sucess
2023-12-09 17:37:20,144 sucess
2023-12-09 17:37:23,024 sucess
2023-12-09 17:37:25,894 sucess
2023-12-09 17:37:28,705 sucess
2023-12-09 17:37:31,623 sucess
2023-12-09 17:37:34,415 sucess
2023-12-09 17:37:37,212 sucess
2023-12-09 17:37:40,074 sucess
2023-12-09 17:37:42,906 sucess
2023-12-09 17:37:45,726 sucess
2023-12-09 17:37:48,516 sucess
2023-12-09 17:37:51,382 sucess
2023-12-09 17:37:54,172 sucess
2023-12-09 17:37:56,851 sucess
2023-12-09 17:37:59,747 sucess
2023-12-09 17:38:02,691 sucess
2023-12-09 17:38:05,540 sucess
2023-12-09 17:38:08,435 sucess
2023-12-09 17:38:11,664 sucess
2023-12-09 17:38:14,630 sucess
2023-12-09 17:38:17,648 sucess
2023-12-09 17:38:20,631 sucess
2023-12-09 17:38:23,306 sucess
2023-12-09 17:38:26,169 sucess
2023-12-09 17:38:28,827 sucess
2023-12-09 17:38:31,410 sucess
2023-12-09 17:38:33,983 sucess
2023-12-09 17:38:36,500 sucess
2023-12-09 17:38:39,091 sucess
2023-12-09 17:38:41,626 sucess
2023-12-09 17:38:44,069 sucess
2023-12-09 17:38:46,748 sucess
2023-12-09 17:38:49,902 sucess
2023-12-09 17:38:53,283 sucess
2023-12-09 17:38:56,298 sucess
2023-12-09 17:38:59,244 sucess
2023-12-09 17:39:02,542 sucess
2023-12-09 17:39:05,319 sucess
2023-12-09 17:39:08,233 sucess
2023-12-09 17:39:11,071 sucess
2023-12-09 17:39:13,860 sucess
2023-12-09 17:39:16,782 sucess
2023-12-09 17:39:19,606 sucess
2023-12-09 17:39:22,418 sucess
2023-12-09 17:39:25,280 sucess
2023-12-09 17:39:27,991 sucess
2023-12-09 17:39:30,884 sucess
2023-12-09 17:39:33,711 sucess
2023-12-09 17:39:36,472 sucess
2023-12-09 17:39:39,274 sucess
2023-12-09 17:39:42,026 sucess
2023-12-09 17:39:44,888 sucess
2023-12-09 17:39:47,811 sucess
2023-12-09 17:39:50,679 sucess
2023-12-09 17:39:53,541 sucess
2023-12-09 17:39:56,397 sucess
2023-12-09 17:39:59,229 sucess
2023-12-09 17:40:02,069 sucess
2023-12-09 17:40:04,949 sucess
2023-12-09 17:40:07,833 sucess
2023-12-09 17:40:10,754 sucess
2023-12-09 17:40:13,530 sucess
2023-12-09 17:40:16,272 sucess
2023-12-09 17:40:19,232 sucess
2023-12-09 17:40:22,122 sucess
2023-12-09 17:40:25,241 sucess
2023-12-09 17:40:27,943 sucess
2023-12-09 17:40:30,654 sucess
2023-12-09 17:40:33,564 sucess
2023-12-09 17:40:36,320 sucess
2023-12-09 17:40:39,250 sucess
2023-12-09 17:40:42,102 sucess
2023-12-09 17:40:44,965 sucess
2023-12-09 17:40:47,787 sucess
2023-12-09 17:40:50,596 sucess
2023-12-09 17:40:53,427 sucess
2023-12-09 17:40:56,166 sucess
2023-12-09 17:40:59,059 sucess
2023-12-09 17:41:01,852 sucess
2023-12-09 17:41:04,744 sucess
2023-12-09 17:41:07,724 sucess
2023-12-09 17:41:10,547 sucess
2023-12-09 17:41:13,137 sucess
2023-12-09 17:41:15,082 sucess
2023-12-09 17:41:17,062 sucess
2023-12-09 17:41:19,959 sucess
2023-12-09 17:41:22,777 sucess
2023-12-09 17:41:25,613 sucess
2023-12-09 17:41:28,587 sucess
2023-12-09 17:41:31,460 sucess
2023-12-09 17:41:34,341 sucess
2023-12-09 17:41:37,058 sucess
2023-12-09 17:41:39,909 sucess
2023-12-09 17:41:42,940 sucess
2023-12-09 17:41:45,883 sucess
2023-12-09 17:41:48,717 sucess
2023-12-09 17:41:51,804 sucess
2023-12-09 17:41:54,664 sucess
2023-12-09 17:41:57,449 sucess
2023-12-09 17:42:00,213 sucess
2023-12-09 17:42:03,001 sucess
2023-12-09 17:42:05,710 sucess
2023-12-09 17:42:08,392 sucess
2023-12-09 17:42:11,477 sucess
2023-12-09 17:42:14,482 sucess
2023-12-09 17:42:17,373 sucess
2023-12-09 17:42:20,388 sucess
2023-12-09 17:42:23,276 sucess
2023-12-09 17:42:26,347 sucess
2023-12-09 17:42:29,169 sucess
2023-12-09 17:42:31,998 sucess
2023-12-09 17:42:35,003 sucess
2023-12-09 17:42:38,079 sucess
2023-12-09 17:42:40,959 sucess
2023-12-09 17:42:43,847 sucess
2023-12-09 17:42:46,781 sucess
2023-12-09 17:42:49,714 sucess
2023-12-09 17:42:52,719 sucess
2023-12-09 17:42:55,698 sucess
2023-12-09 17:42:58,896 sucess
2023-12-09 17:43:02,031 sucess
2023-12-09 17:43:05,099 sucess
2023-12-09 17:43:08,149 sucess
2023-12-09 17:43:11,234 sucess
2023-12-09 17:43:14,261 sucess
2023-12-09 17:43:17,275 sucess
2023-12-09 17:43:20,095 sucess
2023-12-09 17:43:23,093 sucess
2023-12-09 17:43:25,964 sucess
2023-12-09 17:43:28,831 sucess
2023-12-09 17:43:31,708 sucess
2023-12-09 17:43:34,595 sucess
2023-12-09 17:43:37,556 sucess
2023-12-09 17:43:40,355 sucess
2023-12-09 17:43:43,015 sucess
2023-12-09 17:43:45,591 sucess
2023-12-09 17:43:48,194 sucess
2023-12-09 17:43:51,210 sucess
2023-12-09 17:43:54,140 sucess
2023-12-09 17:43:56,900 sucess
2023-12-09 17:43:59,747 sucess
2023-12-09 17:44:02,550 sucess
2023-12-09 17:44:05,416 sucess
2023-12-09 17:44:08,316 sucess
2023-12-09 17:44:11,255 sucess
2023-12-09 17:44:14,323 sucess
2023-12-09 17:44:17,149 sucess
2023-12-09 17:44:19,929 sucess
2023-12-09 17:44:22,862 sucess
2023-12-09 17:44:25,761 sucess
2023-12-09 17:44:28,612 sucess
2023-12-09 17:44:31,680 sucess
2023-12-09 17:44:34,580 sucess
2023-12-09 17:44:37,479 sucess
2023-12-09 17:44:40,390 sucess
2023-12-09 17:44:43,265 sucess
2023-12-09 17:44:46,234 sucess
2023-12-09 17:44:49,202 sucess
2023-12-09 17:44:52,091 sucess
2023-12-09 17:44:54,984 sucess
2023-12-09 17:44:57,959 sucess
2023-12-09 17:45:00,991 sucess
2023-12-09 17:45:03,796 sucess
2023-12-09 17:45:06,788 sucess
2023-12-09 17:45:09,869 sucess
2023-12-09 17:45:12,704 sucess
2023-12-09 17:45:15,348 sucess
2023-12-09 17:45:17,967 sucess
2023-12-09 17:45:20,408 sucess
2023-12-09 17:45:23,066 sucess
2023-12-09 17:45:25,487 sucess
2023-12-09 17:45:28,089 sucess
2023-12-09 17:45:30,789 sucess
2023-12-09 17:45:33,350 sucess
2023-12-09 17:45:36,137 sucess
2023-12-09 17:45:38,893 sucess
2023-12-09 17:45:41,477 sucess
2023-12-09 17:45:44,103 sucess
2023-12-09 17:45:47,109 sucess
2023-12-09 17:45:50,033 sucess
2023-12-09 17:45:52,864 sucess
2023-12-09 17:45:55,804 sucess
2023-12-09 17:45:58,714 sucess
2023-12-09 17:46:01,481 sucess
2023-12-09 17:46:04,446 sucess
2023-12-09 17:46:07,435 sucess
2023-12-09 17:46:10,322 sucess
2023-12-09 17:46:13,190 sucess
2023-12-09 17:46:15,972 sucess
2023-12-09 17:46:18,947 sucess
2023-12-09 17:46:21,781 sucess
2023-12-09 17:46:24,637 sucess
2023-12-09 17:46:27,402 sucess
2023-12-09 17:46:30,266 sucess
2023-12-09 17:46:33,175 sucess
2023-12-09 17:46:36,015 sucess
2023-12-09 17:46:38,794 sucess
2023-12-09 17:46:41,604 sucess
2023-12-09 17:46:44,393 sucess
2023-12-09 17:46:47,230 sucess
2023-12-09 17:46:50,143 sucess
2023-12-09 17:46:52,932 sucess
2023-12-09 17:46:55,761 sucess
2023-12-09 17:46:58,651 sucess
2023-12-09 17:47:01,538 sucess
2023-12-09 17:47:04,408 sucess
2023-12-09 17:47:07,112 sucess
2023-12-09 17:47:09,627 sucess
2023-12-09 17:47:12,157 sucess
2023-12-09 17:47:14,892 sucess
2023-12-09 17:47:17,483 sucess
2023-12-09 17:47:20,123 sucess
2023-12-09 17:47:22,792 sucess
2023-12-09 17:47:25,441 sucess
2023-12-09 17:47:27,979 sucess
2023-12-09 17:47:30,429 sucess
2023-12-09 17:47:33,423 sucess
2023-12-09 17:47:36,233 sucess
2023-12-09 17:47:39,096 sucess
2023-12-09 17:47:41,865 sucess
2023-12-09 17:47:44,686 sucess
2023-12-09 17:47:47,601 sucess
2023-12-09 17:47:50,530 sucess
2023-12-09 17:47:53,395 sucess
2023-12-09 17:47:56,643 sucess
2023-12-09 17:47:59,656 sucess
2023-12-09 17:48:02,538 sucess
2023-12-09 17:48:05,446 sucess
2023-12-09 17:48:08,430 sucess
2023-12-09 17:48:11,333 sucess
2023-12-09 17:48:14,251 sucess
2023-12-09 17:48:17,110 sucess
2023-12-09 17:48:19,965 sucess
2023-12-09 17:48:22,885 sucess
2023-12-09 17:48:25,648 sucess
2023-12-09 17:48:28,492 sucess
2023-12-09 17:48:31,453 sucess
2023-12-09 17:48:34,160 sucess
2023-12-09 17:48:36,740 sucess
2023-12-09 17:48:39,254 sucess
2023-12-09 17:48:41,798 sucess
2023-12-09 17:48:44,397 sucess
2023-12-09 17:48:46,871 sucess
2023-12-09 17:48:49,372 sucess
2023-12-09 17:48:51,937 sucess
2023-12-09 17:48:54,542 sucess
2023-12-09 17:48:57,082 sucess
2023-12-09 17:48:59,633 sucess
2023-12-09 17:49:02,234 sucess
2023-12-09 17:49:04,876 sucess
2023-12-09 17:49:07,405 sucess
2023-12-09 17:49:09,913 sucess
2023-12-09 17:49:12,536 sucess
2023-12-09 17:49:15,170 sucess
2023-12-09 17:49:17,685 sucess
2023-12-09 17:49:20,188 sucess
2023-12-09 17:49:22,648 sucess
2023-12-09 17:49:25,255 sucess
2023-12-09 17:49:27,908 sucess
2023-12-09 17:49:30,768 sucess
2023-12-09 17:49:33,767 sucess
2023-12-09 17:49:36,624 sucess
2023-12-09 17:49:39,371 sucess
2023-12-09 17:49:42,165 sucess
2023-12-09 17:49:44,950 sucess
2023-12-09 17:49:47,910 sucess
2023-12-09 17:49:50,751 sucess
2023-12-09 17:49:53,518 sucess
2023-12-09 17:49:56,529 sucess
2023-12-09 17:49:59,366 sucess
2023-12-09 17:50:02,241 sucess
2023-12-09 17:50:05,143 sucess
2023-12-09 17:50:08,187 sucess
2023-12-09 17:50:11,111 sucess
2023-12-09 17:50:13,941 sucess
2023-12-09 17:50:16,952 sucess
2023-12-09 17:50:19,843 sucess
2023-12-09 17:50:22,713 sucess
2023-12-09 17:50:25,493 sucess
2023-12-09 17:50:28,319 sucess
2023-12-09 17:50:31,159 sucess
2023-12-09 17:50:33,959 sucess
2023-12-09 17:50:36,918 sucess
2023-12-09 17:50:39,743 sucess
2023-12-09 17:50:42,500 sucess
2023-12-09 17:50:45,285 sucess
2023-12-09 17:50:48,217 sucess
2023-12-09 17:50:51,103 sucess
2023-12-09 17:50:53,737 sucess
2023-12-09 17:50:56,539 sucess
2023-12-09 17:50:59,217 sucess
2023-12-09 17:51:01,793 sucess
2023-12-09 17:51:04,380 sucess
2023-12-09 17:51:07,314 sucess
2023-12-09 17:51:10,072 sucess
2023-12-09 17:51:12,695 sucess
2023-12-09 17:51:15,350 sucess
2023-12-09 17:51:18,138 sucess
2023-12-09 17:51:21,183 sucess
2023-12-09 17:51:24,065 sucess
2023-12-09 17:51:27,024 sucess
2023-12-09 17:51:29,946 sucess
2023-12-09 17:51:32,772 sucess
2023-12-09 17:51:35,806 sucess
2023-12-09 17:51:38,818 sucess
2023-12-09 17:51:41,802 sucess
2023-12-09 17:51:44,763 sucess
2023-12-09 17:51:47,795 sucess
2023-12-09 17:51:50,662 sucess
2023-12-09 17:51:53,470 sucess
2023-12-09 17:51:56,323 sucess
2023-12-09 17:51:59,128 sucess
2023-12-09 17:52:02,208 sucess
2023-12-09 17:52:05,155 sucess
2023-12-09 17:52:08,095 sucess
2023-12-09 17:52:11,120 sucess
2023-12-09 17:52:14,000 sucess
2023-12-09 17:52:16,901 sucess
2023-12-09 17:52:19,964 sucess
2023-12-09 17:52:23,063 sucess
2023-12-09 17:52:26,142 sucess
2023-12-09 17:52:29,136 sucess
2023-12-09 17:52:31,996 sucess
2023-12-09 17:52:35,092 sucess
2023-12-09 17:52:37,870 sucess
2023-12-09 17:52:40,366 sucess
2023-12-09 17:52:42,881 sucess
2023-12-09 17:52:45,420 sucess
2023-12-09 17:52:47,935 sucess
2023-12-09 17:52:50,564 sucess
2023-12-09 17:52:53,136 sucess
2023-12-09 17:52:55,736 sucess
2023-12-09 17:52:58,287 sucess
2023-12-09 17:53:00,876 sucess
2023-12-09 17:53:03,428 sucess
2023-12-09 17:53:06,019 sucess
2023-12-09 17:53:08,590 sucess
2023-12-09 17:53:11,155 sucess
2023-12-09 17:53:13,749 sucess
2023-12-09 17:53:16,519 sucess
2023-12-09 17:53:19,337 sucess
2023-12-09 17:53:22,227 sucess
2023-12-09 17:53:25,190 sucess
2023-12-09 17:53:28,020 sucess
2023-12-09 17:53:30,784 sucess
2023-12-09 17:53:33,592 sucess
2023-12-09 17:53:36,385 sucess
2023-12-09 17:53:39,295 sucess
2023-12-09 17:53:42,054 sucess
2023-12-09 17:53:45,001 sucess
2023-12-09 17:53:47,776 sucess
2023-12-09 17:53:50,623 sucess
2023-12-09 17:53:53,526 sucess
2023-12-09 17:53:56,316 sucess
2023-12-09 17:53:59,169 sucess
2023-12-09 17:54:02,142 sucess
2023-12-09 17:54:04,920 sucess
2023-12-09 17:54:07,887 sucess
2023-12-09 17:54:10,583 sucess
2023-12-09 17:54:13,551 sucess
2023-12-09 17:54:16,480 sucess
2023-12-09 17:54:19,379 sucess
2023-12-09 17:54:22,227 sucess
2023-12-09 17:54:25,277 sucess
2023-12-09 17:54:28,128 sucess
2023-12-09 17:54:31,029 sucess
2023-12-09 17:54:33,849 sucess
2023-12-09 17:54:36,664 sucess
2023-12-09 17:54:39,574 sucess
2023-12-09 17:54:42,329 sucess
2023-12-09 17:54:45,367 sucess
2023-12-09 17:54:48,238 sucess
2023-12-09 17:54:51,050 sucess
2023-12-09 17:54:54,039 sucess
2023-12-09 17:54:57,057 sucess
2023-12-09 17:54:59,957 sucess
2023-12-09 17:55:02,890 sucess
2023-12-09 17:55:05,797 sucess
2023-12-09 17:55:08,676 sucess
2023-12-09 17:55:11,620 sucess
2023-12-09 17:55:14,438 sucess
2023-12-09 17:55:17,510 sucess
2023-12-09 17:55:20,252 sucess
2023-12-09 17:55:23,105 sucess
2023-12-09 17:55:26,007 sucess
2023-12-09 17:55:28,799 sucess
2023-12-09 17:55:31,719 sucess
2023-12-09 17:55:34,604 sucess
2023-12-09 17:55:37,550 sucess
2023-12-09 17:55:40,771 sucess
2023-12-09 17:55:44,100 sucess
2023-12-09 17:55:46,941 sucess
2023-12-09 17:55:49,788 sucess
2023-12-09 17:55:52,681 sucess
2023-12-09 17:55:55,508 sucess
2023-12-09 17:55:58,312 sucess
2023-12-09 17:56:01,162 sucess
2023-12-09 17:56:04,004 sucess
2023-12-09 17:56:06,973 sucess
2023-12-09 17:56:09,744 sucess
2023-12-09 17:56:12,493 sucess
2023-12-09 17:56:15,306 sucess
2023-12-09 17:56:18,135 sucess
2023-12-09 17:56:20,875 sucess
2023-12-09 17:56:23,685 sucess
2023-12-09 17:56:26,570 sucess
2023-12-09 17:56:29,520 sucess
2023-12-09 17:56:32,502 sucess
2023-12-09 17:56:35,298 sucess
2023-12-09 17:56:38,069 sucess
2023-12-09 17:56:40,901 sucess
2023-12-09 17:56:43,607 sucess
2023-12-09 17:56:46,442 sucess
2023-12-09 17:56:49,339 sucess
2023-12-09 17:56:52,260 sucess
2023-12-09 17:56:55,170 sucess
2023-12-09 17:56:58,122 sucess
2023-12-09 17:57:00,995 sucess
2023-12-09 17:57:03,844 sucess
2023-12-09 17:57:06,661 sucess
2023-12-09 17:57:09,600 sucess
2023-12-09 17:57:12,201 sucess
2023-12-09 17:57:14,853 sucess
2023-12-09 17:57:17,529 sucess
2023-12-09 17:57:20,042 sucess
2023-12-09 17:57:22,576 sucess
2023-12-09 17:57:25,089 sucess
2023-12-09 17:57:27,656 sucess
2023-12-09 17:57:30,166 sucess
2023-12-09 17:57:32,755 sucess
2023-12-09 17:57:35,372 sucess
2023-12-09 17:57:37,865 sucess
2023-12-09 17:57:40,585 sucess
2023-12-09 17:57:43,064 sucess
2023-12-09 17:57:45,695 sucess
2023-12-09 17:57:48,228 sucess
2023-12-09 17:57:50,795 sucess
2023-12-09 17:57:53,448 sucess
2023-12-09 17:57:56,140 sucess
2023-12-09 17:57:58,771 sucess
2023-12-09 17:58:01,438 sucess
2023-12-09 17:58:03,938 sucess
2023-12-09 17:58:06,388 sucess
2023-12-09 17:58:09,411 sucess
2023-12-09 17:58:12,479 sucess
2023-12-09 17:58:15,301 sucess
2023-12-09 17:58:18,341 sucess
2023-12-09 17:58:21,281 sucess
2023-12-09 17:58:24,198 sucess
2023-12-09 17:58:27,240 sucess
2023-12-09 17:58:30,139 sucess
2023-12-09 17:58:32,937 sucess
2023-12-09 17:58:35,886 sucess
2023-12-09 17:58:38,870 sucess
2023-12-09 17:58:41,741 sucess
2023-12-09 17:58:44,560 sucess
2023-12-09 17:58:47,421 sucess
2023-12-09 17:58:50,190 sucess
2023-12-09 17:58:53,180 sucess
2023-12-09 17:58:56,197 sucess
2023-12-09 17:58:59,060 sucess
2023-12-09 17:59:02,080 sucess
2023-12-09 17:59:04,883 sucess
2023-12-09 17:59:07,871 sucess
2023-12-09 17:59:10,679 sucess
2023-12-09 17:59:13,621 sucess
2023-12-09 17:59:17,069 sucess
2023-12-09 17:59:20,272 sucess
2023-12-09 17:59:23,219 sucess
2023-12-09 17:59:26,058 sucess
2023-12-09 17:59:29,063 sucess
2023-12-09 17:59:32,058 sucess
2023-12-09 17:59:35,040 sucess
2023-12-09 17:59:37,959 sucess
2023-12-09 17:59:40,915 sucess
2023-12-09 17:59:43,886 sucess
2023-12-09 17:59:46,758 sucess
2023-12-09 17:59:49,560 sucess
2023-12-09 17:59:52,621 sucess
2023-12-09 17:59:55,610 sucess
2023-12-09 17:59:58,753 sucess
2023-12-09 18:00:02,020 sucess
2023-12-09 18:00:05,211 sucess
2023-12-09 18:00:08,521 sucess
2023-12-09 18:00:11,512 sucess
2023-12-09 18:00:14,711 sucess
2023-12-09 18:00:17,939 sucess
2023-12-09 18:00:21,101 sucess
2023-12-09 18:00:24,510 sucess
2023-12-09 18:00:28,202 sucess
2023-12-09 18:00:31,619 sucess
2023-12-09 18:00:34,792 sucess
2023-12-09 18:00:37,765 sucess
2023-12-09 18:00:40,725 sucess
2023-12-09 18:00:43,692 sucess
2023-12-09 18:00:47,084 sucess
2023-12-09 18:00:50,509 sucess
2023-12-09 18:00:54,294 sucess
2023-12-09 18:00:58,250 sucess
2023-12-09 18:01:02,194 sucess
2023-12-09 18:01:05,940 sucess
2023-12-09 18:01:09,756 sucess
2023-12-09 18:01:13,175 sucess
2023-12-09 18:01:16,476 sucess
2023-12-09 18:01:19,486 sucess
2023-12-09 18:01:22,354 sucess
2023-12-09 18:01:25,193 sucess
2023-12-09 18:01:28,644 sucess
2023-12-09 18:01:31,903 sucess
2023-12-09 18:01:35,139 sucess
2023-12-09 18:01:38,572 sucess
2023-12-09 18:01:41,663 sucess
2023-12-09 18:01:44,885 sucess
2023-12-09 18:01:48,045 sucess
2023-12-09 18:01:51,330 sucess
2023-12-09 18:01:54,521 sucess
2023-12-09 18:01:57,608 sucess
2023-12-09 18:02:01,007 sucess
2023-12-09 18:02:04,363 sucess
2023-12-09 18:02:07,806 sucess
2023-12-09 18:02:11,175 sucess
2023-12-09 18:02:14,556 sucess
2023-12-09 18:02:17,736 sucess
2023-12-09 18:02:20,986 sucess
2023-12-09 18:02:24,384 sucess
2023-12-09 18:02:27,882 sucess
2023-12-09 18:02:31,866 sucess
2023-12-09 18:02:35,247 sucess
2023-12-09 18:02:39,986 sucess
2023-12-09 18:02:44,208 sucess
2023-12-09 18:02:47,372 sucess
2023-12-09 18:02:50,529 sucess
2023-12-09 18:02:53,851 sucess
2023-12-09 18:02:56,680 sucess
2023-12-09 18:02:59,534 sucess
2023-12-09 18:03:02,993 sucess
2023-12-09 18:03:05,751 sucess
2023-12-09 18:03:08,646 sucess
2023-12-09 18:03:11,901 sucess
2023-12-09 18:03:14,887 sucess
2023-12-09 18:03:17,808 sucess
2023-12-09 18:03:20,965 sucess
2023-12-09 18:03:24,156 sucess
2023-12-09 18:03:26,966 sucess
2023-12-09 18:03:29,986 sucess
2023-12-09 18:03:33,348 sucess
2023-12-09 18:03:36,299 sucess
2023-12-09 18:03:39,977 sucess
2023-12-09 18:03:43,279 sucess
2023-12-09 18:03:46,261 sucess
2023-12-09 18:03:50,330 sucess
2023-12-09 18:03:55,000 sucess
2023-12-09 18:04:00,512 sucess
2023-12-09 18:04:06,270 sucess
2023-12-09 18:04:12,435 sucess
2023-12-09 18:04:17,023 sucess
2023-12-09 18:04:21,523 sucess
2023-12-09 18:04:25,739 sucess
2023-12-09 18:04:29,524 sucess
2023-12-09 18:04:33,628 sucess
2023-12-09 18:04:37,523 sucess
2023-12-09 18:04:41,765 sucess
2023-12-09 18:04:45,708 sucess
2023-12-09 18:04:49,532 sucess
2023-12-09 18:04:53,895 sucess
2023-12-09 18:04:57,906 sucess
2023-12-09 18:05:02,491 sucess
2023-12-09 18:05:07,079 sucess
2023-12-09 18:05:11,518 sucess
2023-12-09 18:05:15,372 sucess
2023-12-09 18:05:19,220 sucess
2023-12-09 18:05:23,553 sucess
2023-12-09 18:05:27,343 sucess
2023-12-09 18:05:31,566 sucess
2023-12-09 18:05:35,363 sucess
2023-12-09 18:05:39,560 sucess
2023-12-09 18:05:44,110 sucess
2023-12-09 18:05:47,878 sucess
2023-12-09 18:05:52,474 sucess
2023-12-09 18:05:56,584 sucess
2023-12-09 18:06:00,533 sucess
2023-12-09 18:06:04,729 sucess
2023-12-09 18:06:09,272 sucess
2023-12-09 18:06:12,944 sucess
2023-12-09 18:06:16,024 sucess
2023-12-09 18:06:19,203 sucess
2023-12-09 18:06:22,918 sucess
2023-12-09 18:06:26,152 sucess
2023-12-09 18:06:29,212 sucess
2023-12-09 18:06:32,872 sucess
2023-12-09 18:06:36,316 sucess
2023-12-09 18:06:39,455 sucess
2023-12-09 18:06:43,042 sucess
2023-12-09 18:06:45,991 sucess
2023-12-09 18:06:48,999 sucess
2023-12-09 18:06:52,673 sucess
2023-12-09 18:06:55,765 sucess
2023-12-09 18:06:59,007 sucess
2023-12-09 18:07:02,653 sucess
2023-12-09 18:07:05,665 sucess
2023-12-09 18:07:08,681 sucess
2023-12-09 18:07:12,139 sucess
2023-12-09 18:07:15,368 sucess
2023-12-09 18:07:18,560 sucess
2023-12-09 18:07:22,099 sucess
2023-12-09 18:07:25,017 sucess
2023-12-09 18:07:28,252 sucess
2023-12-09 18:07:31,725 sucess
2023-12-09 18:07:34,969 sucess
2023-12-09 18:07:38,269 sucess
2023-12-09 18:07:41,692 sucess
2023-12-09 18:07:45,184 sucess
2023-12-09 18:07:48,321 sucess
2023-12-09 18:07:51,987 sucess
2023-12-09 18:07:55,591 sucess
2023-12-09 18:07:58,967 sucess
2023-12-09 18:08:02,716 sucess
2023-12-09 18:08:05,997 sucess
2023-12-09 18:08:09,115 sucess
2023-12-09 18:08:12,891 sucess
2023-12-09 18:08:16,151 sucess
2023-12-09 18:08:19,625 sucess
2023-12-09 18:08:23,281 sucess
2023-12-09 18:08:26,446 sucess
2023-12-09 18:08:30,365 sucess
2023-12-09 18:08:33,909 sucess
2023-12-09 18:08:37,107 sucess
2023-12-09 18:08:40,600 sucess
2023-12-09 18:08:44,310 sucess
2023-12-09 18:08:47,627 sucess
2023-12-09 18:08:51,258 sucess
2023-12-09 18:08:54,768 sucess
2023-12-09 18:08:58,034 sucess
2023-12-09 18:09:01,831 sucess
2023-12-09 18:09:05,314 sucess
2023-12-09 18:09:08,606 sucess
2023-12-09 18:09:12,145 sucess
2023-12-09 18:09:15,405 sucess
2023-12-09 18:09:18,562 sucess
2023-12-09 18:09:22,063 sucess
2023-12-09 18:09:25,428 sucess
2023-12-09 18:09:28,604 sucess
2023-12-09 18:09:32,288 sucess
2023-12-09 18:09:35,595 sucess
2023-12-09 18:09:38,935 sucess
2023-12-09 18:09:42,723 sucess
2023-12-09 18:09:45,885 sucess
2023-12-09 18:09:49,133 sucess
2023-12-09 18:09:52,979 sucess
2023-12-09 18:09:56,129 sucess
2023-12-09 18:09:59,419 sucess
2023-12-09 18:10:03,245 sucess
2023-12-09 18:10:06,398 sucess
2023-12-09 18:10:09,781 sucess
2023-12-09 18:10:13,575 sucess
2023-12-09 18:10:16,803 sucess
2023-12-09 18:10:19,727 sucess
2023-12-09 18:10:23,072 sucess
2023-12-09 18:10:25,799 sucess
2023-12-09 18:10:28,656 sucess
2023-12-09 18:10:31,892 sucess
2023-12-09 18:10:34,839 sucess
2023-12-09 18:10:37,710 sucess
2023-12-09 18:10:40,791 sucess
2023-12-09 18:10:44,049 sucess
2023-12-09 18:10:46,953 sucess
2023-12-09 18:10:49,751 sucess
2023-12-09 18:10:53,168 sucess
2023-12-09 18:10:56,046 sucess
2023-12-09 18:10:58,678 sucess
2023-12-09 18:11:01,716 sucess
2023-12-09 18:11:04,625 sucess
2023-12-09 18:11:07,415 sucess
2023-12-09 18:11:10,244 sucess
2023-12-09 18:11:13,612 sucess
2023-12-09 18:11:16,465 sucess
2023-12-09 18:11:19,268 sucess
2023-12-09 18:11:22,581 sucess
2023-12-09 18:11:25,398 sucess
2023-12-09 18:11:28,117 sucess
2023-12-09 18:11:31,335 sucess
2023-12-09 18:11:34,399 sucess
2023-12-09 18:11:37,158 sucess
2023-12-09 18:11:39,983 sucess
2023-12-09 18:11:43,403 sucess
2023-12-09 18:11:46,259 sucess
2023-12-09 18:11:49,029 sucess
2023-12-09 18:11:52,437 sucess
2023-12-09 18:11:55,318 sucess
2023-12-09 18:11:58,174 sucess
2023-12-09 18:12:01,243 sucess
2023-12-09 18:12:04,579 sucess
2023-12-09 18:12:07,549 sucess
2023-12-09 18:12:10,513 sucess
2023-12-09 18:12:13,710 sucess
2023-12-09 18:12:16,557 sucess
2023-12-09 18:12:19,364 sucess
2023-12-09 18:12:22,824 sucess
2023-12-09 18:12:25,758 sucess
2023-12-09 18:12:28,582 sucess
2023-12-09 18:12:31,744 sucess
2023-12-09 18:12:34,682 sucess
2023-12-09 18:12:37,474 sucess
2023-12-09 18:12:40,291 sucess
2023-12-09 18:12:43,628 sucess
